#Partially deleted in new
chr1	206507965	206538224	Q8WWW0	0	+	206507965	206538224	153,0,102	1	30259	0	.	Phorbol-ester/DAG-type.
#Partially deleted in new
chr11	65130774	65130990	Q86TM6	0	-	65130774	65130990	153,0,102	1	216	0	.	RING-type;	atypical.
#Partially deleted in new
chr17	36486729	36492820	A0A024R0X8	0	+	36486729	36492820	153,0,102	1	6091	0	.	HIT-type.
#Partially deleted in new
chr17	36486729	36492820	Q15649	0	+	36486729	36492820	153,0,102	1	6091	0	.	HIT-type.
#Partially deleted in new
chr17	36486729	36492825	A0A087X045	0	+	36486729	36492825	153,0,102	1	6096	0	.	HIT-type.
#Partially deleted in new
chr17	36486730	36495234	A0A087WY54	0	+	36486730	36495234	153,0,102	1	8504	0	.	HIT-type.
#Partially deleted in new
chr17	36487101	36493192	A0A024R0X8	0	+	36487101	36493192	153,0,102	1	6091	0	.	HIT-type.
#Partially deleted in new
chr17	36487101	36493192	Q15649	0	+	36487101	36493192	153,0,102	1	6091	0	.	HIT-type.
#Partially deleted in new
chr17	36487101	36493197	A0A087X045	0	+	36487101	36493197	153,0,102	1	6096	0	.	HIT-type.
#Partially deleted in new
chr17	36487102	36495606	A0A087WY54	0	+	36487102	36495606	153,0,102	1	8504	0	.	HIT-type.
#Partially deleted in new
chr21	6496004	6499139	A0A1B0GW87	0	-	6496004	6499139	153,0,102	1	3135	0	.	C3H1-type.
#Partially deleted in new
chr21	6496004	6499139	P0DN76	0	-	6496004	6499139	153,0,102	1	3135	0	.	C3H1-type	1.
#Partially deleted in new
chr21	6496004	6499139	Q01081	0	-	6496004	6499139	153,0,102	1	3135	0	.	C3H1-type	1.
#Partially deleted in new
chr6	63685870	63691863	Q92576	0	+	63685870	63691863	153,0,102	1	5993	0	.	PHD-type.
#Partially deleted in new
chrX	49255783	49256809	Q9BZS1	0	-	49255783	49256809	153,0,102	1	1026	0	.	C2H2-type.
