#Split in new
chr1	185554	186383	A0A096LP26	0	-	185554	186383	255,153,102	1	829	0	.	coiled-coil	region_385-408.
#Split in new
chr1	185554	186383	A0A096LP75	0	-	185554	186383	255,153,102	1	829	0	.	coiled-coil	region_376-399.
#Partially deleted in new
chr1	1645126	1649614	B7ZVY7	0	-	1645126	1649614	255,153,102	1	4488	0	.	coiled-coil	region_127-210.
#Partially deleted in new
chr1	1645126	1649614	J3QR29	0	-	1645126	1649614	255,153,102	1	4488	0	.	coiled-coil	region_93-176.
#Partially deleted in new
chr1	1645126	1649614	J3QR44	0	-	1645126	1649614	255,153,102	1	4488	0	.	coiled-coil	region_127-210.
#Deleted in new
chr1	1649530	1649614	A0A087WYI9	0	-	1649530	1649614	255,153,102	1	84	0	.	coiled-coil	region_127-154.
#Deleted in new
chr1	1649530	1649614	A0A087X1I0	0	-	1649530	1649614	255,153,102	1	84	0	.	coiled-coil	region_127-154.
#Partially deleted in new
chr1	1655481	1657458	A0A087WYI9	0	-	1655481	1657458	255,153,102	1	1977	0	.	coiled-coil	region_10-38.
#Partially deleted in new
chr1	1655481	1657458	A0A087X1I0	0	-	1655481	1657458	255,153,102	1	1977	0	.	coiled-coil	region_10-38.
#Partially deleted in new
chr1	1655481	1657458	A0A0D9SEI3	0	-	1655481	1657458	255,153,102	1	1977	0	.	coiled-coil	region_10-38.
#Partially deleted in new
chr1	1655481	1657458	A0A0D9SEN2	0	-	1655481	1657458	255,153,102	1	1977	0	.	coiled-coil	region_10-38.
#Partially deleted in new
chr1	1655481	1657458	A0A0D9SER5	0	-	1655481	1657458	255,153,102	1	1977	0	.	coiled-coil	region_10-38.
#Partially deleted in new
chr1	1655481	1657458	B7ZVY7	0	-	1655481	1657458	255,153,102	1	1977	0	.	coiled-coil	region_10-38.
#Partially deleted in new
chr1	1655481	1657458	J3QR44	0	-	1655481	1657458	255,153,102	1	1977	0	.	coiled-coil	region_10-38.
#Deleted in new
chr1	13061852	13061948	B7ZW38	0	+	13061852	13061948	255,153,102	1	96	0	.	coiled-coil	region_177-208.
#Deleted in new
chr1	13061852	13061948	P0DMR1	0	+	13061852	13061948	255,153,102	1	96	0	.	coiled-coil	region_177-208.
#Partially deleted in new
chr1	13164843	13164939	B7ZW38	0	-	13164843	13164939	255,153,102	1	96	0	.	coiled-coil	region_177-208.
#Partially deleted in new
chr1	13164843	13164939	P0DMR1	0	-	13164843	13164939	255,153,102	1	96	0	.	coiled-coil	region_177-208.
#Split in new
chr1	120805760	120808623	A0A087WTG0	0	+	120805760	120808623	255,153,102	1	2863	0	.	coiled-coil	region_57-84.
#Split in new
chr1	120807653	120808623	A0A087WU30	0	+	120807653	120808623	255,153,102	1	970	0	.	coiled-coil	region_75-119.
#Split in new
chr1	120807653	120808623	A0A087WWQ1	0	+	120807653	120808623	255,153,102	1	970	0	.	coiled-coil	region_75-119.
#Split in new
chr1	120807653	120808623	A0A087WY62	0	+	120807653	120808623	255,153,102	1	970	0	.	coiled-coil	region_337-381.
#Split in new
chr1	120807653	120808623	A0A087WZS8	0	+	120807653	120808623	255,153,102	1	970	0	.	coiled-coil	region_75-119.
#Partially deleted in new
chr1	120813916	120814907	A0A087WTG0	0	+	120813916	120814907	255,153,102	1	991	0	.	coiled-coil	region_304-355.
#Partially deleted in new
chr1	120813916	120814907	A0A087WVV8	0	+	120813916	120814907	255,153,102	1	991	0	.	coiled-coil	region_68-119.
#Partially deleted in new
chr1	120813916	120814907	A0A087WWQ1	0	+	120813916	120814907	255,153,102	1	991	0	.	coiled-coil	region_339-390.
#Partially deleted in new
chr1	120813916	120814907	A0A087WY62	0	+	120813916	120814907	255,153,102	1	991	0	.	coiled-coil	region_601-652.
#Partially deleted in new
chr1	120813916	120814907	A0A087WZS8	0	+	120813916	120814907	255,153,102	1	991	0	.	coiled-coil	region_339-390.
#Partially deleted in new
chr1	120813937	120814907	A0A075B7F9	0	+	120813937	120814907	255,153,102	1	970	0	.	coiled-coil	region_6-50.
#Partially deleted in new
chr1	120813937	120814907	A0A087WZB6	0	+	120813937	120814907	255,153,102	1	970	0	.	coiled-coil	region_6-50.
#Partially deleted in new
chr1	144436997	144438015	Q8N660	0	-	144436997	144438015	255,153,102	1	1018	0	.	coiled-coil	region_70-130.
#Partially deleted in new
chr1	144892336	144893479	P0DMP2	0	-	144892336	144893479	255,153,102	1	1143	0	.	coiled-coil	region_362-400.
#Partially deleted in new
chr1	144892348	144893479	A0A087WW56	0	-	144892348	144893479	255,153,102	1	1131	0	.	coiled-coil	region_209-243.
#Split in new
chr1	145402302	145403271	A0A075B7A3	0	-	145402302	145403271	255,153,102	1	969	0	.	coiled-coil	region_6-50.
#Split in new
chr1	145402302	145403292	A0A087WU97	0	-	145402302	145403292	255,153,102	1	990	0	.	coiled-coil	region_68-119.
#Split in new
chr1	145402302	145403292	H7BY70	0	-	145402302	145403292	255,153,102	1	990	0	.	coiled-coil	region_68-119.
#Partially deleted in new
chr1	145868316	145872107	F6XZD3	0	-	145868316	145872107	255,153,102	1	3791	0	.	coiled-coil	region_798-867.
#Split in new
chr1	146135442	146136408	A0A075B762	0	-	146135442	146136408	255,153,102	1	966	0	.	coiled-coil	region_346-390.
#Split in new
chr1	146135442	146136408	A0A087WUH2	0	-	146135442	146136408	255,153,102	1	966	0	.	coiled-coil	region_6-50.
#Split in new
chr1	146135442	146136408	A0A087WW47	0	-	146135442	146136408	255,153,102	1	966	0	.	coiled-coil	region_346-390.
#Split in new
chr1	146135442	146136408	A0A087WZN7	0	-	146135442	146136408	255,153,102	1	966	0	.	coiled-coil	region_346-390.
#Split in new
chr1	146135442	146136408	A0A087X029	0	-	146135442	146136408	255,153,102	1	966	0	.	coiled-coil	region_311-355.
#Split in new
chr1	146141739	146142705	A0A075B762	0	-	146141739	146142705	255,153,102	1	966	0	.	coiled-coil	region_75-119.
#Split in new
chr1	146141739	146142705	A0A087WT85	0	-	146141739	146142705	255,153,102	1	966	0	.	coiled-coil	region_75-119.
#Split in new
chr1	146141739	146142705	A0A087WW47	0	-	146141739	146142705	255,153,102	1	966	0	.	coiled-coil	region_75-119.
#Split in new
chr1	146141739	146142705	A0A087WZN7	0	-	146141739	146142705	255,153,102	1	966	0	.	coiled-coil	region_75-119.
#Split in new
chr1	146141739	146144599	A0A087X029	0	-	146141739	146144599	255,153,102	1	2860	0	.	coiled-coil	region_57-84.
#Split in new
chr1	148586390	148587356	A0A075B757	0	-	148586390	148587356	255,153,102	1	966	0	.	coiled-coil	region_346-390.
#Split in new
chr1	148586390	148587356	A0A087WTQ0	0	-	148586390	148587356	255,153,102	1	966	0	.	coiled-coil	region_75-119.
#Split in new
chr1	148586390	148587356	A0A087WUR2	0	-	148586390	148587356	255,153,102	1	966	0	.	coiled-coil	region_311-355.
#Split in new
chr1	148586390	148587356	A0A087WV19	0	-	148586390	148587356	255,153,102	1	966	0	.	coiled-coil	region_75-119.
#Split in new
chr1	148586390	148587356	A0A087WVU4	0	-	148586390	148587356	255,153,102	1	966	0	.	coiled-coil	region_346-390.
#Split in new
chr1	148586390	148587356	A0A087WYI5	0	-	148586390	148587356	255,153,102	1	966	0	.	coiled-coil	region_346-390.
#Split in new
chr1	148586390	148587356	A0A087WZJ2	0	-	148586390	148587356	255,153,102	1	966	0	.	coiled-coil	region_346-390.
#Split in new
chr1	148586390	148593653	A0A087WTW4	0	-	148586390	148593653	255,153,102	1	7263	0	.	coiled-coil	region_6-50.
#Partially deleted in new
chr1	148592687	148593653	A0A075B757	0	-	148592687	148593653	255,153,102	1	966	0	.	coiled-coil	region_75-119.
#Partially deleted in new
chr1	148592687	148593653	A0A087WVE3	0	-	148592687	148593653	255,153,102	1	966	0	.	coiled-coil	region_75-119.
#Partially deleted in new
chr1	148592687	148593653	A0A087WVU4	0	-	148592687	148593653	255,153,102	1	966	0	.	coiled-coil	region_75-119.
#Partially deleted in new
chr1	148592687	148593653	A0A087WYI5	0	-	148592687	148593653	255,153,102	1	966	0	.	coiled-coil	region_75-119.
#Partially deleted in new
chr1	148592687	148593653	A0A087WZJ2	0	-	148592687	148593653	255,153,102	1	966	0	.	coiled-coil	region_75-119.
#Split in new
chr1	148592687	148595547	A0A087WUR2	0	-	148592687	148595547	255,153,102	1	2860	0	.	coiled-coil	region_57-84.
#Partially deleted in new
chr1	148889873	148929271	A0A075B749	0	+	148889873	148929271	255,153,102	1	39398	0	.	coiled-coil	region_178-209.
#Partially deleted in new
chr1	148889873	148929271	A0A087WVF8	0	+	148889873	148929271	255,153,102	1	39398	0	.	coiled-coil	region_107-138.
#Partially deleted in new
chr1	148889873	148929271	A0A087WWI2	0	+	148889873	148929271	255,153,102	1	39398	0	.	coiled-coil	region_108-139.
#Partially deleted in new
chr1	148889873	148929271	A0A087WX83	0	+	148889873	148929271	255,153,102	1	39398	0	.	coiled-coil	region_178-209.
#Partially deleted in new
chr1	148889873	148929271	A0A087WYE4	0	+	148889873	148929271	255,153,102	1	39398	0	.	coiled-coil	region_44-75.
#Partially deleted in new
chr1	148889873	148929271	A0A0A0MRL8	0	+	148889873	148929271	255,153,102	1	39398	0	.	coiled-coil	region_41-72.
#Partially deleted in new
chr1	148889873	148929271	A0A0A0MRL9	0	+	148889873	148929271	255,153,102	1	39398	0	.	coiled-coil	region_41-72.
#Partially deleted in new
chr1	148889873	148929271	A0A0A0MRM0	0	+	148889873	148929271	255,153,102	1	39398	0	.	coiled-coil	region_41-72.
#Partially deleted in new
chr1	148889873	148929271	A0A0A0MRM1	0	+	148889873	148929271	255,153,102	1	39398	0	.	coiled-coil	region_41-72.
#Partially deleted in new
chr1	148889873	148929271	E9PS60	0	+	148889873	148929271	255,153,102	1	39398	0	.	coiled-coil	region_44-75.
#Partially deleted in new
chr1	148974527	148977942	A0A075B749	0	+	148974527	148977942	255,153,102	1	3415	0	.	coiled-coil	region_885-912.
#Partially deleted in new
chr1	148974527	148977942	A0A087WVF8	0	+	148974527	148977942	255,153,102	1	3415	0	.	coiled-coil	region_814-841.
#Partially deleted in new
chr1	148974527	148977942	A0A087WX83	0	+	148974527	148977942	255,153,102	1	3415	0	.	coiled-coil	region_885-912.
#Partially deleted in new
chr1	148974527	148977942	A0A0A0MRL8	0	+	148974527	148977942	255,153,102	1	3415	0	.	coiled-coil	region_748-775.
#Partially deleted in new
chr1	148974527	148977942	A0A0A0MRL9	0	+	148974527	148977942	255,153,102	1	3415	0	.	coiled-coil	region_748-775.
#Partially deleted in new
chr1	148974527	148977942	A0A0A0MRM0	0	+	148974527	148977942	255,153,102	1	3415	0	.	coiled-coil	region_748-775.
#Partially deleted in new
chr1	148974527	148977942	A0A0A0MRM1	0	+	148974527	148977942	255,153,102	1	3415	0	.	coiled-coil	region_748-775.
#Partially deleted in new
chr1	148974527	148977942	A0A0C4DFQ0	0	+	148974527	148977942	255,153,102	1	3415	0	.	coiled-coil	region_911-938.
#Partially deleted in new
chr1	148974527	148977942	E9PL24	0	+	148974527	148977942	255,153,102	1	3415	0	.	coiled-coil	region_911-938.
#Partially deleted in new
chr1	148974527	148977942	E9PQG4	0	+	148974527	148977942	255,153,102	1	3415	0	.	coiled-coil	region_535-562.
#Split in new
chr1	149072853	149073823	A0A075B761	0	-	149072853	149073823	255,153,102	1	970	0	.	coiled-coil	region_346-390.
#Split in new
chr1	149072853	149073823	A0A087WVG0	0	-	149072853	149073823	255,153,102	1	970	0	.	coiled-coil	region_346-390.
#Split in new
chr1	149072853	149073823	A0A087WY26	0	-	149072853	149073823	255,153,102	1	970	0	.	coiled-coil	region_346-390.
#Split in new
chr1	149072853	149073823	A0A087WYQ9	0	-	149072853	149073823	255,153,102	1	970	0	.	coiled-coil	region_346-390.
#Split in new
chr1	149072853	149073823	A0A087WZE1	0	-	149072853	149073823	255,153,102	1	970	0	.	coiled-coil	region_346-390.
#Split in new
chr1	149072853	149073823	A0A087X0Y3	0	-	149072853	149073823	255,153,102	1	970	0	.	coiled-coil	region_75-119.
#Split in new
chr1	149079142	149080108	A0A075B761	0	-	149079142	149080108	255,153,102	1	966	0	.	coiled-coil	region_75-119.
#Split in new
chr1	149079142	149080108	A0A087WVG0	0	-	149079142	149080108	255,153,102	1	966	0	.	coiled-coil	region_75-119.
#Split in new
chr1	149079142	149080108	A0A087WY26	0	-	149079142	149080108	255,153,102	1	966	0	.	coiled-coil	region_75-119.
#Split in new
chr1	149079142	149080108	A0A087WYQ9	0	-	149079142	149080108	255,153,102	1	966	0	.	coiled-coil	region_75-119.
#Split in new
chr1	149079142	149080108	A0A087WZE1	0	-	149079142	149080108	255,153,102	1	966	0	.	coiled-coil	region_75-119.
#Split in new
chr1	149477976	149478991	A0A087WUL8	0	+	149477976	149478991	255,153,102	1	1015	0	.	coiled-coil	region_70-130.
#Split in new
chr1	149477991	149478958	A0A075B6G5	0	+	149477991	149478958	255,153,102	1	967	0	.	coiled-coil	region_6-50.
#Split in new
chr1	149477991	149478958	A0A087X230	0	+	149477991	149478958	255,153,102	1	967	0	.	coiled-coil	region_75-119.
#Partially deleted in new
chr11	94821719	94854055	Q8IY63	0	+	94821719	94854055	255,153,102	1	32336	0	.	coiled-coil	region_438-639.
#Partially deleted in new
chr11	118645747	118648046	Q86UU1	0	+	118645747	118648046	255,153,102	1	2299	0	.	coiled-coil	region_1144-1208.
#Partially deleted in new
chr11	118645759	118648043	A0A024R3F4	0	+	118645759	118648043	255,153,102	1	2284	0	.	coiled-coil	region_1101-1160.
#Partially deleted in new
chr11	118645759	118648043	A0A024R3H6	0	+	118645759	118648043	255,153,102	1	2284	0	.	coiled-coil	region_1148-1207.
#Partially deleted in new
chr11	118645759	118648043	A0A087WZL0	0	+	118645759	118648043	255,153,102	1	2284	0	.	coiled-coil	region_423-482.
#Partially deleted in new
chr12	119718395	119785004	O14578	0	-	119718395	119785004	255,153,102	1	66609	0	.	coiled-coil	region_453-1297.
#Partially deleted in new
chr12	119734260	119757399	H7BYJ3	0	-	119734260	119757399	255,153,102	1	23139	0	.	coiled-coil	region_479-670.
#Partially deleted in new
chr15	20534375	20538305	A8MZA4	0	-	20534375	20538305	255,153,102	1	3930	0	.	coiled-coil	region_164-686.
#Partially deleted in new
chr15	21408997	21410946	A0JP26	0	-	21408997	21410946	255,153,102	1	1949	0	.	coiled-coil	region_489-577.
#Partially deleted in new
chr15	21408997	21410946	Q6S5H4	0	-	21408997	21410946	255,153,102	1	1949	0	.	coiled-coil	region_489-577.
#Partially deleted in new
chr15	22464236	22465037	A0A087X0V3	0	+	22464236	22465037	255,153,102	1	801	0	.	coiled-coil	region_167-215.
#Split in new
chr15	22464236	22465877	A0A087X1J6	0	+	22464236	22465877	255,153,102	1	1641	0	.	coiled-coil	region_210-512.
#Split in new
chr15	22464796	22466278	A0A0G2JP21	0	+	22464796	22466278	255,153,102	1	1482	0	.	coiled-coil	region_154-185.
#Split in new
chr15	22464796	22466278	A0A0G2JRP8	0	+	22464796	22466278	255,153,102	1	1482	0	.	coiled-coil	region_128-159.
#Split in new
chr15	22465082	22465898	A0A087X0V3	0	+	22465082	22465898	255,153,102	1	816	0	.	coiled-coil	region_231-502.
#Split in new
chr15	22465931	22466810	A0A087X1J6	0	+	22465931	22466810	255,153,102	1	879	0	.	coiled-coil	region_531-712.
#Split in new
chr15	22465931	22466822	A0A087X0V3	0	+	22465931	22466822	255,153,102	1	891	0	.	coiled-coil	region_514-810.
#Split in new
chr15	22466629	22467436	A0A0G2JRP8	0	+	22466629	22467436	255,153,102	1	807	0	.	coiled-coil	region_167-215.
#Split in new
chr15	22466629	22468114	A0A0G2JP21	0	+	22466629	22468114	255,153,102	1	1485	0	.	coiled-coil	region_193-468.
#Partially deleted in new
chr15	22468150	22469343	A0A0G2JP21	0	+	22468150	22469343	255,153,102	1	1193	0	.	coiled-coil	region_481-659.
#Partially deleted in new
chr15	22468150	22469343	A0A0G2JRP8	0	+	22468150	22469343	255,153,102	1	1193	0	.	coiled-coil	region_454-632.
#Partially deleted in new
chr15	23128792	23129985	A0A087WU96	0	-	23128792	23129985	255,153,102	1	1193	0	.	coiled-coil	region_490-668.
#Split in new
chr15	23130021	23131464	A0A087WU96	0	-	23130021	23131464	255,153,102	1	1443	0	.	coiled-coil	region_216-477.
#Split in new
chr15	23131815	23133289	A0A087WU96	0	-	23131815	23133289	255,153,102	1	1474	0	.	coiled-coil	region_177-208.
#Split in new
chr15	23132260	23133453	A0A087WU96	0	-	23132260	23133453	255,153,102	1	1193	0	.	coiled-coil	region_490-668.
#Partially deleted in new
chr15	23133489	23134932	A0A087WU96	0	-	23133489	23134932	255,153,102	1	1443	0	.	coiled-coil	region_216-477.
#Partially deleted in new
chr15	23133569	23134762	A0A087WU96	0	-	23133569	23134762	255,153,102	1	1193	0	.	coiled-coil	region_490-668.
#Partially deleted in new
chr15	23134798	23136241	A0A087WU96	0	-	23134798	23136241	255,153,102	1	1443	0	.	coiled-coil	region_216-477.
#Partially deleted in new
chr15	23135283	23136757	A0A087WU96	0	-	23135283	23136757	255,153,102	1	1474	0	.	coiled-coil	region_177-208.
#Split in new
chr15	23136592	23138066	A0A087WU96	0	-	23136592	23138066	255,153,102	1	1474	0	.	coiled-coil	region_177-208.
#Partially deleted in new
chr15	99105772	99105982	A0A075B7B1	0	+	99105772	99105982	255,153,102	1	210	0	.	coiled-coil	region_192-261.
#Partially deleted in new
chr15	99105772	99105982	C9JIE4	0	+	99105772	99105982	255,153,102	1	210	0	.	coiled-coil	region_192-261.
#Partially deleted in new
chr17	43224504	43228509	A0A1B0GVQ3	0	-	43224504	43228509	255,153,102	1	4005	0	.	coiled-coil	region_16-50.
#Partially deleted in new
chr17	43224504	43228509	A0A1B0GVX4	0	-	43224504	43228509	255,153,102	1	4005	0	.	coiled-coil	region_3-37.
#Partially deleted in new
chr17	43224504	43228509	A0A1B0GVZ7	0	-	43224504	43228509	255,153,102	1	4005	0	.	coiled-coil	region_3-37.
#Split in new
chr17	43224504	43303211	A0A1B0GVQ3	0	-	43224504	43303211	255,153,102	1	78707	0	.	coiled-coil	region_16-50.
#Partially deleted in new
chr19	11424011	11430985	A5D8V7	0	-	11424011	11430985	255,153,102	1	6974	0	.	coiled-coil	region_94-327.
#Partially deleted in new
chr19	11424014	11426481	K7EN59	0	-	11424014	11426481	255,153,102	1	2467	0	.	coiled-coil	region_209-266.
#Partially deleted in new
chr19	11424014	11426481	K7EPK8	0	-	11424014	11426481	255,153,102	1	2467	0	.	coiled-coil	region_78-135.
#Partially deleted in new
chr19	11427037	11430979	K7EN59	0	-	11427037	11430979	255,153,102	1	3942	0	.	coiled-coil	region_96-123.
#Partially deleted in new
chr19	40534316	40549245	C9JY79	0	+	40534316	40549245	255,153,102	1	14929	0	.	coiled-coil	region_1445-1472.
#Partially deleted in new
chr19	40534316	40549245	M0QZQ3	0	+	40534316	40549245	255,153,102	1	14929	0	.	coiled-coil	region_1445-1472.
#Partially deleted in new
chr2	132860539	133130108	O14513	0	-	132860539	133130108	255,153,102	1	269569	0	.	coiled-coil	region_71-253.
#Partially deleted in new
chr2	132994205	133130048	A0A0A0MS79	0	-	132994205	133130048	255,153,102	1	135843	0	.	coiled-coil	region_91-125.
#Partially deleted in new
chr2	132994205	133130048	A0A0A0MSE4	0	-	132994205	133130048	255,153,102	1	135843	0	.	coiled-coil	region_91-125.
#Partially deleted in new
chr20	35472804	35497928	Q9BV73	0	+	35472804	35497928	255,153,102	1	25124	0	.	coiled-coil	region_395-1172.
#Partially deleted in new
chr20	35498665	35507782	Q9BV73	0	+	35498665	35507782	255,153,102	1	9117	0	.	coiled-coil	region_1243-2227.
#Partially deleted in new
chr21	46390723	46411920	O95613	0	+	46390723	46411920	255,153,102	1	21197	0	.	coiled-coil	region_1299-1949.
#Partially deleted in new
chr21	46428505	46438322	O95613	0	+	46428505	46438322	255,153,102	1	9817	0	.	coiled-coil	region_2536-3086.
#Partially deleted in new
chr22	17524138	17537128	A0A087WT21	0	+	17524138	17537128	255,153,102	1	12990	0	.	coiled-coil	region_304-356.
#Partially deleted in new
chr22	17524138	17537128	A0A0R4J2E1	0	+	17524138	17537128	255,153,102	1	12990	0	.	coiled-coil	region_163-215.
#Partially deleted in new
chr22	17524138	17537128	B7WPH3	0	+	17524138	17537128	255,153,102	1	12990	0	.	coiled-coil	region_163-215.
#Partially deleted in new
chr22	25921379	25946178	A0A075B6F5	0	+	25921379	25946178	255,153,102	1	24799	0	.	coiled-coil	region_1830-1853.
#Partially deleted in new
chr22	25921379	25946178	F5GXR6	0	+	25921379	25946178	255,153,102	1	24799	0	.	coiled-coil	region_1831-1854.
#Partially deleted in new
chr3	48450110	48454398	Q8WXE1	0	+	48450110	48454398	255,153,102	1	4288	0	.	coiled-coil	region_108-217.
#Partially deleted in new
chr3	48451878	48454383	A0A024R2U4	0	+	48451878	48454383	255,153,102	1	2505	0	.	coiled-coil	region_178-212.
#Partially deleted in new
chr3	48451878	48454383	A0A024R307	0	+	48451878	48454383	255,153,102	1	2505	0	.	coiled-coil	region_178-212.
#Partially deleted in new
chr3	48451878	48454383	A0A0U1RQR9	0	+	48451878	48454383	255,153,102	1	2505	0	.	coiled-coil	region_85-119.
#Partially deleted in new
chr3	48451878	48454383	A0A0U1RQW3	0	+	48451878	48454383	255,153,102	1	2505	0	.	coiled-coil	region_178-212.
#Partially deleted in new
chr3	48451878	48454383	A0A0U1RRM7	0	+	48451878	48454383	255,153,102	1	2505	0	.	coiled-coil	region_85-119.
#Deleted in new
chr3	57377009	57377207	E9PG32	0	-	57377009	57377207	255,153,102	1	198	0	.	coiled-coil	region_2747-2812.
#Partially deleted in new
chr5	77708271	77776212	E5RHG6	0	-	77708271	77776212	255,153,102	1	67941	0	.	coiled-coil	region_16-43.
#Partially deleted in new
chr5	77708271	77776212	E5RIX8	0	-	77708271	77776212	255,153,102	1	67941	0	.	coiled-coil	region_16-43.
#Partially deleted in new
chr5	77708271	77776212	Q6FGD7	0	-	77708271	77776212	255,153,102	1	67941	0	.	coiled-coil	region_16-43.
#Partially deleted in new
chr7	1898301	2229998	Q9Y6D9	0	-	1898301	2229998	255,153,102	1	331697	0	.	coiled-coil	region_46-632.
#Partially deleted in new
chr7	72777506	72802444	A0A087WWV6	0	-	72777506	72802444	255,153,102	1	24938	0	.	coiled-coil	region_106-129.
#Partially deleted in new
chr7	72777506	72802444	A0A087WZB2	0	-	72777506	72802444	255,153,102	1	24938	0	.	coiled-coil	region_268-291.
#Partially deleted in new
chr7	72777506	72802444	A0A087X1V1	0	-	72777506	72802444	255,153,102	1	24938	0	.	coiled-coil	region_203-226.
#Partially deleted in new
chr7	73320152	73324403	Q2M204	0	-	73320152	73324403	255,153,102	1	4251	0	.	coiled-coil	region_129-163.
#Partially deleted in new
chr7	75399305	75404850	Q86UV7	0	+	75399305	75404850	255,153,102	1	5545	0	.	coiled-coil	region_125-169.
#Partially deleted in new
chr7	75399317	75403734	I3L0H3	0	+	75399317	75403734	255,153,102	1	4417	0	.	coiled-coil	region_129-163.
#Partially deleted in new
chr7	75399317	75403734	J3KQW6	0	+	75399317	75403734	255,153,102	1	4417	0	.	coiled-coil	region_129-163.
#Partially deleted in new
chr7	87777896	87807391	Q96NL0	0	+	87777896	87807391	255,153,102	1	29495	0	.	coiled-coil	region_317-342.
#Partially deleted in new
chr7	93253877	93256526	Q96JG6	0	+	93253877	93256526	255,153,102	1	2649	0	.	coiled-coil	region_82-105.
#Partially deleted in new
chr7	102028121	102273460	Q13948	0	+	102028121	102273460	255,153,102	1	245339	0	.	coiled-coil	region_67-450.
#Partially deleted in new
chr7	102275299	102278053	Q13948	0	+	102275299	102278053	255,153,102	1	2754	0	.	coiled-coil	region_502-556.
#Partially deleted in new
chr7	133274988	133288987	Q96A65	0	+	133274988	133288987	255,153,102	1	13999	0	.	coiled-coil	region_32-114.
#Split in new
chr9	67897696	67899270	Q5TYW2	0	+	67897696	67899270	255,153,102	1	1574	0	.	coiled-coil	region_431-480.
#Split in new
chr9	67900687	67901167	Q5TYW2	0	+	67900687	67901167	255,153,102	1	480	0	.	coiled-coil	region_565-724.
#Deleted in new
chr9	136286364	136286469	A0A075B733	0	-	136286364	136286469	255,153,102	1	105	0	.	coiled-coil	region_719-753.
#Deleted in new
chr9	136286364	136286469	A0A075B739	0	-	136286364	136286469	255,153,102	1	105	0	.	coiled-coil	region_817-851.
#Deleted in new
chr9	136286364	136286472	A0A096LP49	0	-	136286364	136286472	255,153,102	1	108	0	.	coiled-coil	region_816-851.
#Partially deleted in new
chrX	48983395	48988141	A0A075B793	0	-	48983395	48988141	255,153,102	1	4746	0	.	coiled-coil	region_310-408.
#Partially deleted in new
chrX	53382586	53394780	Q14683	0	-	53382586	53394780	255,153,102	1	12194	0	.	coiled-coil	region_991-1068.
#Partially deleted in new
chrX	53396283	53405325	Q14683	0	-	53396283	53405325	255,153,102	1	9042	0	.	coiled-coil	region_660-935.
#Partially deleted in new
chrX	53399708	53403621	G8JLG1	0	-	53399708	53403621	255,153,102	1	3913	0	.	coiled-coil	region_767-792.
#Partially deleted in new
chrX	153920721	153921418	P98171	0	-	153920721	153921418	255,153,102	1	697	0	.	coiled-coil	region_128-195.
#Partially deleted in new
chrX	153920733	153921147	A0A0B4J1X7	0	-	153920733	153921147	255,153,102	1	414	0	.	coiled-coil	region_150-191.
#Partially deleted in new
chrX	153920733	153921147	C9J5M2	0	-	153920733	153921147	255,153,102	1	414	0	.	coiled-coil	region_127-168.
#Partially deleted in new
chrX	153920733	153921147	C9JLA8	0	-	153920733	153921147	255,153,102	1	414	0	.	coiled-coil	region_127-168.
#Partially deleted in new
chrX	153920733	153921147	S4R314	0	-	153920733	153921147	255,153,102	1	414	0	.	coiled-coil	region_127-168.
#Partially deleted in new
chrX	153920733	153921147	S4R352	0	-	153920733	153921147	255,153,102	1	414	0	.	coiled-coil	region_127-168.
