#Partially deleted in new
chr1	145855804	145858987	Q9Y6X2	0	-	145855804	145858987	255,102,0	1	3183	0	.	Interaction	with	CCAR2.	Pubmed:25406032
#Partially deleted in new
chr1	149947253	149967297	Q6GQQ9	0	-	149947253	149967297	255,102,0	1	20044	0	.	Catalytic.
#Partially deleted in new
chr1	149949003	149967342	Q6GQQ9	0	-	149949003	149967342	255,102,0	1	18339	0	.	TRAF-binding.
#Partially deleted in new
chr1	150220693	150226646	Q9BTT0	0	-	150220693	150226646	255,102,0	1	5953	0	.	ZID	domain.
#Partially deleted in new
chr1	206479096	206493274	Q14164	0	+	206479096	206493274	255,102,0	1	14178	0	.	Interaction	with	DDX3X.
#Partially deleted in new
chr10	1379155	1737084	Q9NS39	0	-	1379155	1737084	255,102,0	1	357929	0	.	R-domain	(ssRNA-binding).
#Split in new
chr10	49932186	49941725	Q86W56	0	-	49932186	49941725	255,102,0	1	9539	0	.	A-domain.
#Partially deleted in new
chr10	67885147	67912739	Q96EB6	0	+	67885147	67912739	255,102,0	1	27592	0	.	Interaction	with	CCAR2.
#Split in new
chr11	1182291	1192338	P98088	0	+	1182291	1192338	255,102,0	1	10047	0	.	9	X	Cys-rich	subdomain	repeats.
#Split in new
chr11	1184913	1187745	P98088	0	+	1184913	1187745	255,102,0	1	2832	0	.	107	X	8	AA	approximate	tandem	repeats	of	T-T-S-T-T-S-A-P.
#Deleted in new
chr11	1188231	1188639	P98088	0	+	1188231	1188639	255,102,0	1	408	0	.	17	X	8	AA	approximate	tandem	repeats	of	T-T-S-T-T-S-A-P.
#Deleted in new
chr11	1189125	1189938	P98088	0	+	1189125	1189938	255,102,0	1	813	0	.	34	X	8	AA	approximate	tandem	repeats	of	T-T-S-T-T-S-A-P.
#Split in new
chr11	1190421	1191930	P98088	0	+	1190421	1191930	255,102,0	1	1509	0	.	58	X	8	AA	approximate	tandem	repeats	of	T-T-S-T-T-S-A-P.
#Partially deleted in new
chr11	111974084	111982469	Q155Q3	0	+	111974084	111982469	255,102,0	1	8385	0	.	Actin-binding.
#Partially deleted in new
chr12	108523489	108532282	Q15020	0	-	108523489	108532282	255,102,0	1	8793	0	.	Necessary	and	sufficient	for	U6	snRNA	binding.	Pubmed:15314151
#Partially deleted in new
chr12	122079069	122130914	Q9HAP2	0	+	122079069	122130914	255,102,0	1	51845	0	.	Required	for	cytoplasmic	localization.	Pubmed:12446771
#Partially deleted in new
chr13	33016608	33055234	Q9UEF7	0	+	33016608	33055234	255,102,0	1	38626	0	.	Glycosyl	hydrolase-1	1.
#Partially deleted in new
chr13	101453934	101715651	O95965	0	+	101453934	101715651	255,102,0	1	261717	0	.	Cysteine-rich	tandem	repeats.
#Partially deleted in new
chr14	66508566	66922707	Q9NQX3	0	+	66508566	66922707	255,102,0	1	414141	0	.	MPT	Mo-transferase.
#Partially deleted in new
chr14	106398343	106398637	P06331	0	-	106398343	106398637	255,102,0	1	294	0	.	V	region.
#Partially deleted in new
chr16	21037874	21051737	Q8TD57	0	-	21037874	21051737	255,102,0	1	13863	0	.	AAA	1.
#Partially deleted in new
chr17	36953891	36986729	Q9NY61	0	+	36953891	36986729	255,102,0	1	32838	0	.	POLR2J	binding.
#Partially deleted in new
chr17	36955724	36988561	Q9NY61	0	+	36955724	36988561	255,102,0	1	32837	0	.	POLR2J	binding.
#Partially deleted in new
chr17	36988687	37019022	Q9NY61	0	+	36988687	37019022	255,102,0	1	30335	0	.	RB1	and	SP1	binding.
#Partially deleted in new
chr17	36990519	37020854	Q9NY61	0	+	36990519	37020854	255,102,0	1	30335	0	.	RB1	and	SP1	binding.
#Partially deleted in new
chr17	37097073	37181296	Q13085	0	-	37097073	37181296	255,102,0	1	84223	0	.	Carboxyltransferase.
#Partially deleted in new
chr17	37098541	37182770	Q13085	0	-	37098541	37182770	255,102,0	1	84229	0	.	Carboxyltransferase.
#Partially deleted in new
chr17	37557999	37566154	Q9UMZ2	0	-	37557999	37566154	255,102,0	1	8155	0	.	Interaction	with	A1P1G1	and	A1P1G2.
#Split in new
chr17	38153029	38178195	O14512	0	+	38153029	38178195	255,102,0	1	25166	0	.	Mediates	interaction	with	SORBS3.	Pubmed:15242778
#Partially deleted in new
chr17	38352613	38377835	O14512	0	+	38352613	38377835	255,102,0	1	25222	0	.	Mediates	interaction	with	SORBS3.	Pubmed:15242778
#Partially deleted in new
chr2	28516866	28642890	Q6P1J6	0	+	28516866	28642890	255,102,0	1	126024	0	.	4	X	308-326	AA	approximate	repeats.
#Partially deleted in new
chr2	114442778	115309346	Q8N608	0	+	114442778	115309346	255,102,0	1	866568	0	.	Mediates	effects	on	KCND2.
#Partially deleted in new
chr20	34742325	34782355	Q14686	0	-	34742325	34782355	255,102,0	1	40030	0	.	NCOA1-binding	region.
#Partially deleted in new
chr20	34743084	34782355	Q14686	0	-	34743084	34782355	255,102,0	1	39271	0	.	CREBBP-binding	region.
#Partially deleted in new
chr20	41484367	41551337	Q8TD26	0	-	41484367	41551337	255,102,0	1	66970	0	.	Required	for	DNA-dependent	ATPase	activity.
#Partially deleted in new
chr22	19180221	19226251	P53675	0	-	19180221	19226251	255,102,0	1	46030	0	.	Proximal	segment.
#Partially deleted in new
chr22	19180221	19232550	P53675	0	-	19180221	19232550	255,102,0	1	52329	0	.	Heavy	chain	arm.
#Partially deleted in new
chr22	19187596	19201457	P53675	0	-	19187596	19201457	255,102,0	1	13861	0	.	Involved	in	binding	clathrin	light	chain.
#Partially deleted in new
chr22	22548069	22548351	P78395	0	-	22548069	22548351	255,102,0	1	282	0	.	Mediates	interaction	with	RARA.	Pubmed:16179254
#Partially deleted in new
chr22	32528906	33006392	O14994	0	-	32528906	33006392	255,102,0	1	477486	0	.	C;	actin-binding	and	synaptic-vesicle	binding.
#Partially deleted in new
chr22	33337693	33626323	O95461	0	-	33337693	33626323	255,102,0	1	288630	0	.	Xylosyltransferase	activity.	Pubmed:22223806
#Partially deleted in new
chr22	50603378	50604124	Q13387	0	+	50603378	50604124	255,102,0	1	746	0	.	JNK-binding	domain	(JBD).
#Partially deleted in new
chr22	50604013	50604793	Q13387	0	+	50604013	50604793	255,102,0	1	780	0	.	Necessary	for	interaction	with	FGF13.	Pubmed:11378392
#Partially deleted in new
chr3	51429437	51443858	Q9Y4B6	0	-	51429437	51443858	255,102,0	1	14421	0	.	Protein	kinase-like.
#Split in new
chr3	57314571	57405015	Q6ZR08	0	-	57314571	57405015	255,102,0	1	90444	0	.	AAA	4.
#Partially deleted in new
chr4	75724819	75801125	O60763	0	+	75724819	75801125	255,102,0	1	76306	0	.	Globular	head.
#Partially deleted in new
chr5	161336767	161410981	P47870	0	-	161336767	161410981	255,102,0	1	74214	0	.	Agonist	binding.
#Partially deleted in new
chr6	39909055	39934417	Q9NZB8	0	-	39909055	39934417	255,102,0	1	25362	0	.	Molybdenum	cofactor	biosynthesis	protein	A.
#Partially deleted in new
chr6	70168170	70190323	Q14993	0	+	70168170	70190323	255,102,0	1	22153	0	.	Triple-helical	region	5	(COL5).
#Partially deleted in new
chr7	12570786	12626691	Q9Y6U3	0	+	12570786	12626691	255,102,0	1	55905	0	.	Actin-severing.
#Partially deleted in new
chr7	31823091	31873297	Q14123	0	-	31823091	31873297	255,102,0	1	50206	0	.	Catalytic.
#Partially deleted in new
chr7	71421097	71665473	Q6IS24	0	+	71421097	71665473	255,102,0	1	244376	0	.	Catalytic	subdomain	B.
#Partially deleted in new
chr7	75542968	75545149	O00291	0	-	75542968	75545149	255,102,0	1	2181	0	.	Important	for	actin	binding.
#Partially deleted in new
chr7	100957455	100959117	Q02505	0	+	100957455	100959117	255,102,0	1	1662	0	.	32	X	approximate	tandem	repeats,	Ser/Thr-rich.
#Partially deleted in new
chr7	139626659	139716470	Q9H2X6	0	-	139626659	139716470	255,102,0	1	89811	0	.	Interaction	with	DAXX.	Pubmed:14678985
#Partially deleted in new
chr8	41655729	41688547	P16157	0	-	41655729	41688547	255,102,0	1	32818	0	.	55	kDa	regulatory	domain.
#Split in new
chr8	47293955	47599002	Q14159	0	+	47293955	47599002	255,102,0	1	305047	0	.	Necessary	for	interaction	with	RAD51.	Pubmed:23509288
#Split in new
chr8	144012515	144039931	Q76KD6	0	+	144012515	144039931	255,102,0	1	27416	0	.	Necessary	for	targeting	centrosomes.
#Partially deleted in new
chr8	144291799	144309588	Q00613	0	+	144291799	144309588	255,102,0	1	17789	0	.	DNA-binding	domain.	Pubmed:7935471
#Partially deleted in new
chr8	144312212	144314327	Q00613	0	+	144312212	144314327	255,102,0	1	2115	0	.	Transactivation	domain.	Pubmed:7623826,	Pubmed:7760831
#Partially deleted in new
chrX	44873551	45082790	O15550	0	+	44873551	45082790	255,102,0	1	209239	0	.	Interaction	with	SUPT6H.
#Partially deleted in new
chrX	48831397	48835433	Q9UHG2	0	-	48831397	48835433	255,102,0	1	4036	0	.	ProSAAS(1-180).
#Partially deleted in new
chrX	49062508	49063887	Q96HB5	0	+	49062508	49063887	255,102,0	1	1379	0	.	Involved	in	CYTH2-binding.	Pubmed:25326380
#Partially deleted in new
chrX	49235636	49247549	O60826	0	+	49235636	49247549	255,102,0	1	11913	0	.	Sufficient	for	interaction	with	COMMD1.	Pubmed:25355947
#Partially deleted in new
chrX	49235636	49248644	O60826	0	+	49235636	49248644	255,102,0	1	13008	0	.	Sufficicient	and	required	for	interaction	with	CCDC93.	Pubmed:25355947
#Partially deleted in new
chrX	53405325	53409097	Q14683	0	-	53405325	53409097	255,102,0	1	3772	0	.	Flexible	hinge.
#Partially deleted in new
chrX	115289759	115306219	Q9P127	0	+	115289759	115306219	255,102,0	1	16460	0	.	Interaction	with	DDX39B/UAP56.	Pubmed:25662211
#Partially deleted in new
chrX	154414099	154419745	Q16635	0	+	154414099	154419745	255,102,0	1	5646	0	.	Hydrophilic.
#Partially deleted in new
chrX	155280043	155298795	O15247	0	-	155280043	155298795	255,102,0	1	18752	0	.	Joint	loop.
#Partially deleted in new
chrX	155298789	155334427	O15247	0	-	155298789	155334427	255,102,0	1	35638	0	.	Required	for	insertion	into	the	membrane.
#Partially deleted in new
chrX	155298795	155334427	O15247	0	-	155298795	155334427	255,102,0	1	35632	0	.	N-terminal.
