#Partially deleted in new
chr1	1634290	1634562	O75900	0	+	1634290	1634562	35,177,77	1	272	0	.	disulfide	bond_321-370.
#Partially deleted in new
chr1	13476013	13513020	Q5VT99	0	-	13476013	13513020	35,177,77	1	37007	0	.	disulfide	bond_192-239.
#Partially deleted in new
chr1	13476079	13513026	Q5VT99	0	-	13476079	13513026	35,177,77	1	36947	0	.	disulfide	bond_190-217.
#Partially deleted in new
chr1	15440307	15443485	Q99895	0	+	15440307	15443485	35,177,77	1	3178	0	.	disulfide	bond_17-141.	Pubmed:23430245
#Deleted in new
chr1	120785091	120785121	A0A087WY62	0	+	120785091	120785121	35,177,77	1	30	0	.	disulfide	bond_92-101.
#Deleted in new
chr1	120785091	120785121	A0A096LNW5	0	+	120785091	120785121	35,177,77	1	30	0	.	disulfide	bond_53-62.
#Split in new
chr1	120785214	120793171	A0A087WY62	0	+	120785214	120793171	35,177,77	1	7957	0	.	disulfide	bond_133-142.
#Split in new
chr1	120785214	120793171	A0A096LNW5	0	+	120785214	120793171	35,177,77	1	7957	0	.	disulfide	bond_94-103.
#Partially deleted in new
chr1	146156804	146164769	A0A087X002	0	-	146156804	146164769	35,177,77	1	7965	0	.	disulfide	bond_94-103.
#Partially deleted in new
chr1	146156804	146164769	Q7Z3S9	0	-	146156804	146164769	35,177,77	1	7965	0	.	disulfide	bond_94-103.
#Split in new
chr1	148607734	148615709	A0A0B4J2B3	0	-	148607734	148615709	35,177,77	1	7975	0	.	disulfide	bond_107-116.
#Split in new
chr1	149455558	149463501	Q7Z3S9	0	+	149455558	149463501	35,177,77	1	7943	0	.	disulfide	bond_94-103.
#Partially deleted in new
chr10	115094026	115120248	Q5VV63	0	+	115094026	115120248	35,177,77	1	26222	0	.	disulfide	bond_93-119.
#Split in new
chr11	1165739	1167882	P98088	0	+	1165739	1167882	35,177,77	1	2143	0	.	disulfide	bond_456-464.
#Partially deleted in new
chr11	14079939	14254645	Q9HCB6	0	+	14079939	14254645	35,177,77	1	174706	0	.	disulfide	bond_199-336.	Pubmed:21569239
#Partially deleted in new
chr11	14079942	14254657	Q9HCB6	0	+	14079942	14254657	35,177,77	1	174715	0	.	disulfide	bond_200-340.	Pubmed:21569239
#Partially deleted in new
chr12	7082038	7085918	B4DPQ0	0	-	7082038	7085918	35,177,77	1	3880	0	.	disulfide	bond_420-461.
#Partially deleted in new
chr12	7082038	7085918	F5H2D0	0	-	7082038	7085918	35,177,77	1	3880	0	.	disulfide	bond_372-413.
#Partially deleted in new
chr12	7082092	7086008	B4DPQ0	0	-	7082092	7086008	35,177,77	1	3916	0	.	disulfide	bond_390-443.
#Partially deleted in new
chr12	7082092	7086008	F5H2D0	0	-	7082092	7086008	35,177,77	1	3916	0	.	disulfide	bond_342-395.
#Partially deleted in new
chr12	7086382	7088636	B4DPQ0	0	-	7086382	7088636	35,177,77	1	2254	0	.	disulfide	bond_352-385.
#Partially deleted in new
chr12	7086382	7088636	F5H2D0	0	-	7086382	7088636	35,177,77	1	2254	0	.	disulfide	bond_304-337.
#Partially deleted in new
chr12	7086421	7088723	B4DPQ0	0	-	7086421	7088723	35,177,77	1	2302	0	.	disulfide	bond_323-372.
#Partially deleted in new
chr12	7086421	7088723	F5H2D0	0	-	7086421	7088723	35,177,77	1	2302	0	.	disulfide	bond_275-324.
#Partially deleted in new
chr14	63312969	63317660	Q86YW7	0	-	63312969	63317660	35,177,77	1	4691	0	.	disulfide	bond_64-117.
#Partially deleted in new
chr14	63312975	63317672	Q86YW7	0	-	63312975	63317672	35,177,77	1	4697	0	.	disulfide	bond_60-115.
#Partially deleted in new
chr14	63313023	63317702	Q86YW7	0	-	63313023	63317702	35,177,77	1	4679	0	.	disulfide	bond_50-99.
#Partially deleted in new
chr14	63313068	63317744	Q86YW7	0	-	63313068	63317744	35,177,77	1	4676	0	.	disulfide	bond_36-84.
#Partially deleted in new
chr14	106005102	106005327	A0A0C4DH29	0	-	106005102	106005327	35,177,77	1	225	0	.	disulfide	bond_41-115.
#Partially deleted in new
chr14	106011929	106012154	A0A075B6R2	0	-	106011929	106012154	35,177,77	1	225	0	.	disulfide	bond_41-115.
#Partially deleted in new
chr14	106012700	106012925	A0A075B6R2	0	-	106012700	106012925	35,177,77	1	225	0	.	disulfide	bond_41-115.
#Partially deleted in new
chr14	106116642	106116867	P01762	0	-	106116642	106116867	35,177,77	1	225	0	.	disulfide	bond_41-115.
#Partially deleted in new
chr14	106335858	106336083	P01768	0	-	106335858	106336083	35,177,77	1	225	0	.	disulfide	bond_41-115.	Pubmed:1002129
#Partially deleted in new
chr14	106398349	106398571	P06331	0	-	106398349	106398571	35,177,77	1	222	0	.	disulfide	bond_48-121.
#Partially deleted in new
chr14	106446397	106446625	P01824	0	-	106446397	106446625	35,177,77	1	228	0	.	disulfide	bond_48-123.
#Partially deleted in new
chr14	106537817	106538042	P01763	0	-	106537817	106538042	35,177,77	1	225	0	.	disulfide	bond_41-115.
#Deleted in new
chr14	106562498	106562723	P01763	0	-	106562498	106562723	35,177,77	1	225	0	.	disulfide	bond_41-115.
#Partially deleted in new
chr14	106603430	106603655	A0A0C4DH38	0	-	106603430	106603655	35,177,77	1	225	0	.	disulfide	bond_41-115.
#Partially deleted in new
chr14	106617364	106617586	P01767	0	-	106617364	106617586	35,177,77	1	222	0	.	disulfide	bond_41-114.
#Partially deleted in new
chr14	106739370	106739595	P01742	0	-	106739370	106739595	35,177,77	1	225	0	.	disulfide	bond_41-115.	Pubmed:4923144
#Partially deleted in new
chr14	106770586	106770814	P01814	0	-	106770586	106770814	35,177,77	1	228	0	.	disulfide	bond_41-116.	Pubmed:17947238
#Deleted in new
chr17	64452664	64452808	Q7Z6M3	0	+	64452664	64452808	35,177,77	1	144	0	.	disulfide	bond_56-103.
#Deleted in new
chr17	64457470	64457620	Q7Z6M3	0	+	64457470	64457620	35,177,77	1	150	0	.	disulfide	bond_147-196.
#Partially deleted in new
chr19	40617179	40617221	Q8N2S1	0	+	40617179	40617221	35,177,77	1	42	0	.	disulfide	bond_1076-1089.
#Partially deleted in new
chr19	54222330	54222489	A0A0G2JN08	0	-	54222330	54222489	35,177,77	1	159	0	.	disulfide	bond_144-196.
#Partially deleted in new
chr19	54241520	54241676	Q6PI73	0	-	54241520	54241676	35,177,77	1	156	0	.	disulfide	bond_245-296.
#Partially deleted in new
chr19	54241645	54241804	B5ME96	0	-	54241645	54241804	35,177,77	1	159	0	.	disulfide	bond_144-196.
#Partially deleted in new
chr19	54241645	54241804	U5XH19	0	-	54241645	54241804	35,177,77	1	159	0	.	disulfide	bond_144-196.
#Partially deleted in new
chr19	54242049	54242208	U5XJZ2	0	-	54242049	54242208	35,177,77	1	159	0	.	disulfide	bond_144-196.
#Partially deleted in new
chr19	54242086	54242236	B5ME96	0	-	54242086	54242236	35,177,77	1	150	0	.	disulfide	bond_49-98.
#Partially deleted in new
chr19	54242086	54242236	U5XH19	0	-	54242086	54242236	35,177,77	1	150	0	.	disulfide	bond_49-98.
#Partially deleted in new
chr19	54242266	54242425	A0A0G2JPA2	0	-	54242266	54242425	35,177,77	1	159	0	.	disulfide	bond_144-196.
#Partially deleted in new
chr19	54242266	54242425	A0A0G2JPY1	0	-	54242266	54242425	35,177,77	1	159	0	.	disulfide	bond_144-196.
#Partially deleted in new
chr19	54242266	54242425	A0A0G2JQ24	0	-	54242266	54242425	35,177,77	1	159	0	.	disulfide	bond_144-196.
#Partially deleted in new
chr19	54242266	54242425	A0A0G2JQ26	0	-	54242266	54242425	35,177,77	1	159	0	.	disulfide	bond_144-196.
#Partially deleted in new
chr19	54242267	54242426	A0A0G2JN43	0	-	54242267	54242426	35,177,77	1	159	0	.	disulfide	bond_144-196.
#Partially deleted in new
chr19	54242268	54242427	A0A0G2JMN6	0	-	54242268	54242427	35,177,77	1	159	0	.	disulfide	bond_144-196.
#Partially deleted in new
chr19	54242268	54242427	Q6PI73	0	-	54242268	54242427	35,177,77	1	159	0	.	disulfide	bond_144-196.
#Partially deleted in new
chr19	54242268	54242427	U5XHD7	0	-	54242268	54242427	35,177,77	1	159	0	.	disulfide	bond_144-196.
#Split in new
chr19	54242490	54242640	U5XJZ2	0	-	54242490	54242640	35,177,77	1	150	0	.	disulfide	bond_49-98.
#Split in new
chr19	54242707	54242857	A0A0G2JPA2	0	-	54242707	54242857	35,177,77	1	150	0	.	disulfide	bond_49-98.
#Split in new
chr19	54242707	54242857	A0A0G2JPY1	0	-	54242707	54242857	35,177,77	1	150	0	.	disulfide	bond_49-98.
#Split in new
chr19	54242707	54242857	A0A0G2JQ24	0	-	54242707	54242857	35,177,77	1	150	0	.	disulfide	bond_49-98.
#Split in new
chr19	54242707	54242857	A0A0G2JQ26	0	-	54242707	54242857	35,177,77	1	150	0	.	disulfide	bond_49-98.
#Split in new
chr19	54242708	54242858	A0A0G2JN43	0	-	54242708	54242858	35,177,77	1	150	0	.	disulfide	bond_49-98.
#Split in new
chr19	54242709	54242859	A0A0G2JMN6	0	-	54242709	54242859	35,177,77	1	150	0	.	disulfide	bond_49-98.
#Split in new
chr19	54242709	54242859	Q6PI73	0	-	54242709	54242859	35,177,77	1	150	0	.	disulfide	bond_49-98.
#Split in new
chr19	54242709	54242859	U5XHD7	0	-	54242709	54242859	35,177,77	1	150	0	.	disulfide	bond_49-98.
#Partially deleted in new
chr19	54255172	54255328	O75023	0	-	54255172	54255328	35,177,77	1	156	0	.	disulfide	bond_344-395.
#Partially deleted in new
chr19	54299832	54299991	A0A0G2JMY9	0	-	54299832	54299991	35,177,77	1	159	0	.	disulfide	bond_145-197.
#Partially deleted in new
chr19	54299832	54299991	Q8N6C8	0	-	54299832	54299991	35,177,77	1	159	0	.	disulfide	bond_145-197.
#Partially deleted in new
chr19	54299859	54300018	A0A0G2JMY9	0	-	54299859	54300018	35,177,77	1	159	0	.	disulfide	bond_145-197.
#Partially deleted in new
chr19	54299859	54300018	Q8N6C8	0	-	54299859	54300018	35,177,77	1	159	0	.	disulfide	bond_145-197.
#Partially deleted in new
chr19	54299928	54300078	A0A0G2JMY9	0	-	54299928	54300078	35,177,77	1	150	0	.	disulfide	bond_49-98.
#Partially deleted in new
chr19	54299928	54300078	Q8N6C8	0	-	54299928	54300078	35,177,77	1	150	0	.	disulfide	bond_49-98.	Pubmed:21559424
#Partially deleted in new
chr19	54300047	54300197	A0A0G2JMY9	0	-	54300047	54300197	35,177,77	1	150	0	.	disulfide	bond_49-98.
#Partially deleted in new
chr19	54300047	54300197	Q8N6C8	0	-	54300047	54300197	35,177,77	1	150	0	.	disulfide	bond_49-98.	Pubmed:21559424
#Partially deleted in new
chr19	54343890	54344046	P59901	0	-	54343890	54344046	35,177,77	1	156	0	.	disulfide	bond_344-395.
#Partially deleted in new
chr19	54632008	54632167	F6RVM3	0	+	54632008	54632167	35,177,77	1	159	0	.	disulfide	bond_145-197.
#Partially deleted in new
chr19	54729566	54729716	Q8N743	0	+	54729566	54729716	35,177,77	1	150	0	.	disulfide	bond_244-293.
#Partially deleted in new
chr2	154301417	154396055	Q8IUC8	0	+	154301417	154396055	35,177,77	1	94638	0	.	disulfide	bond_329-407.
#Partially deleted in new
chr20	38354389	38360709	P18428	0	+	38354389	38360709	35,177,77	1	6320	0	.	disulfide	bond_159-198.
#Partially deleted in new
chr21	26089946	26111987	P05067	0	-	26089946	26111987	35,177,77	1	22041	0	.	disulfide	bond_73-117.
#Partially deleted in new
chr21	40369162	40692885	O60469	0	-	40369162	40692885	35,177,77	1	323723	0	.	disulfide	bond_145-197.
#Partially deleted in new
chr5	84064709	84106828	O43854	0	-	84064709	84106828	35,177,77	1	42119	0	.	disulfide	bond_158-314.
#Partially deleted in new
chr7	31064878	31078022	P41586	0	+	31064878	31078022	35,177,77	1	13144	0	.	disulfide	bond_34-63.
#Partially deleted in new
chr7	71388235	71665449	Q6IS24	0	+	71388235	71665449	35,177,77	1	277214	0	.	disulfide	bond_142-373.
#Partially deleted in new
chr7	142472927	142473134	A0A0K0K1A5	0	+	142472927	142473134	35,177,77	1	207	0	.	disulfide	bond_42-110.
#Deleted in new
chr7	142564021	142564231	A0A0B4J2E0	0	+	142564021	142564231	35,177,77	1	210	0	.	disulfide	bond_42-111.
#Partially deleted in new
chr7	142772095	142773944	P07478	0	+	142772095	142773944	35,177,77	1	1849	0	.	disulfide	bond_30-160.
#Deleted in new
chr7	142772149	142772200	P07478	0	+	142772149	142772200	35,177,77	1	51	0	.	disulfide	bond_48-64.
#Deleted in new
chr7	142773974	142774019	P07478	0	+	142773974	142774019	35,177,77	1	45	0	.	disulfide	bond_171-185.
#Deleted in new
chr7	142774049	142774424	P07478	0	+	142774049	142774424	35,177,77	1	375	0	.	disulfide	bond_196-220.
#Partially deleted in new
chr7	142791318	142793173	P07477	0	+	142791318	142793173	35,177,77	1	1855	0	.	disulfide	bond_30-160.
#Deleted in new
chr7	142791372	142791423	P07477	0	+	142791372	142791423	35,177,77	1	51	0	.	disulfide	bond_48-64.
#Deleted in new
chr7	142792704	142793611	P07477	0	+	142792704	142793611	35,177,77	1	907	0	.	disulfide	bond_139-206.
#Deleted in new
chr7	142793203	142793248	P07477	0	+	142793203	142793248	35,177,77	1	45	0	.	disulfide	bond_171-185.
#Deleted in new
chr7	142793278	142793653	P07477	0	+	142793278	142793653	35,177,77	1	375	0	.	disulfide	bond_196-220.
#Partially deleted in new
chr7	142833188	142835037	P07478	0	+	142833188	142835037	35,177,77	1	1849	0	.	disulfide	bond_30-160.
#Partially deleted in new
chr7	142833242	142833293	P07478	0	+	142833242	142833293	35,177,77	1	51	0	.	disulfide	bond_48-64.
#Partially deleted in new
chr7	142835142	142835517	P07478	0	+	142835142	142835517	35,177,77	1	375	0	.	disulfide	bond_196-220.
#Partially deleted in new
chr9	41920190	41920274	A0A087WUH3	0	-	41920190	41920274	35,177,77	1	84	0	.	disulfide	bond_931-958.
#Partially deleted in new
chr9	41920190	41920274	A0A087WZ03	0	-	41920190	41920274	35,177,77	1	84	0	.	disulfide	bond_837-864.
#Deleted in new
chr9	130319562	130320390	Q8NDA2	0	+	130319562	130320390	35,177,77	1	828	0	.	disulfide	bond_806-861.
#Deleted in new
chr9	130320843	130321876	Q8NDA2	0	+	130320843	130321876	35,177,77	1	1033	0	.	disulfide	bond_905-954.
#Deleted in new
chr9	130325662	130325915	Q8NDA2	0	+	130325662	130325915	35,177,77	1	253	0	.	disulfide	bond_996-1045.
#Deleted in new
chr9	130327398	130337966	Q8NDA2	0	+	130327398	130337966	35,177,77	1	10568	0	.	disulfide	bond_1094-1143.
#Deleted in new
chr9	130341178	130341310	Q8NDA2	0	+	130341178	130341310	35,177,77	1	132	0	.	disulfide	bond_1185-1228.
#Deleted in new
chr9	130342423	130347305	Q8NDA2	0	+	130342423	130347305	35,177,77	1	4882	0	.	disulfide	bond_1272-1322.
#Partially deleted in new
chr9	133430044	133432611	Q76LX8	0	+	133430044	133432611	35,177,77	1	2567	0	.	disulfide	bond_311-337.	Pubmed:19880749
#Partially deleted in new
chr9	133430077	133432641	Q76LX8	0	+	133430077	133432641	35,177,77	1	2564	0	.	disulfide	bond_322-347.	Pubmed:19880749
#Partially deleted in new
chr9	133432593	133433383	Q76LX8	0	+	133432593	133433383	35,177,77	1	790	0	.	disulfide	bond_332-366.	Pubmed:19880749
#Partially deleted in new
chr9	133432677	133433398	Q76LX8	0	+	133432677	133433398	35,177,77	1	721	0	.	disulfide	bond_360-371.	Pubmed:19880749
#Partially deleted in new
chrX	1196892	1198670	Q9HC73	0	-	1196892	1198670	35,177,77	1	1778	0	.	disulfide	bond_180-218.
#Partially deleted in new
chrX	48007880	48009606	Q96QH8	0	+	48007880	48009606	35,177,77	1	1726	0	.	disulfide	bond_27-147.
#Partially deleted in new
chrX	48008380	48009570	Q96QH8	0	+	48008380	48009570	35,177,77	1	1190	0	.	disulfide	bond_51-135.
#Partially deleted in new
chrX	48008515	48009403	Q96QH8	0	+	48008515	48009403	35,177,77	1	888	0	.	disulfide	bond_96-114.
#Partially deleted in new
chrX	105233944	105267486	Q9NP60	0	+	105233944	105267486	35,177,77	1	33542	0	.	disulfide	bond_162-214.
#Partially deleted in new
chrX	154188032	154191718	P04001	0	+	154188032	154191718	35,177,77	1	3686	0	.	disulfide	bond_126-203.
#Partially deleted in new
chrX	154188032	154191718	P0DN77	0	+	154188032	154191718	35,177,77	1	3686	0	.	disulfide	bond_126-203.
#Partially deleted in new
chrX	154188032	154191718	P0DN78	0	+	154188032	154191718	35,177,77	1	3686	0	.	disulfide	bond_126-203.
