#Deleted in new
chr1	205978892	205978895	Q96AH8	0	-	205978892	205978895	0,0,102	1	3	0	.	Phosphoserine.
#Deleted in new
chr10	49933655	49933658	Q86W56	0	-	49933655	49933658	0,0,102	1	3	0	.	Phosphoserine.	Pubmed:24275569
#Deleted in new
chr10	49933664	49933667	Q86W56	0	-	49933664	49933667	0,0,102	1	3	0	.	Phosphoserine.	Pubmed:24275569
#Partially deleted in new
chr11	95067736	95067739	Q9BRL6	0	+	95067736	95067739	0,0,102	1	3	0	.	Phosphoserine.	Pubmed:23186163
#Deleted in new
chr12	108983703	108983706	Q8N4V2	0	-	108983703	108983706	0,0,102	1	3	0	.	Phosphoserine.
#Deleted in new
chr12	108983721	108983724	Q8N4V2	0	-	108983721	108983724	0,0,102	1	3	0	.	Phosphoserine.
#Deleted in new
chr14	106739655	106739658	P01742	0	-	106739655	106739658	0,0,102	1	3	0	.	Pyrrolidone	carboxylic	acid.	Pubmed:7028111,	Pubmed:5489771
#Deleted in new
chr2	233139902	233139905	Q92835	0	+	233139902	233139905	0,0,102	1	3	0	.	Phosphoserine.
#Partially deleted in new
chr3	16885042	16885045	Q9UPR0	0	+	16885042	16885045	0,0,102	1	3	0	.	N-acetylalanine.	Pubmed:19413330
#Deleted in new
chr4	75752453	75752456	O60763	0	+	75752453	75752456	0,0,102	1	3	0	.	Phosphoserine.	Pubmed:20068231
#Deleted in new
chr7	130549368	130549371	Q9UBF2	0	-	130549368	130549371	0,0,102	1	3	0	.	Phosphothreonine.
#Deleted in new
chr7	142773923	142773926	P07478	0	+	142773923	142773926	0,0,102	1	3	0	.	Sulfotyrosine.	Pubmed:17087724,	Pubmed:25010489
#Deleted in new
chr7	142793152	142793155	P07477	0	+	142793152	142793155	0,0,102	1	3	0	.	Sulfotyrosine.	Pubmed:17087724,	Pubmed:25010489
#Deleted in new
chr9	130320861	130320864	Q8NDA2	0	+	130320861	130320864	0,0,102	1	3	0	.	Omega-N-methylarginine.
#Deleted in new
chr9	130320876	130320879	Q8NDA2	0	+	130320876	130320879	0,0,102	1	3	0	.	Omega-N-methylarginine.
#Deleted in new
MT	8524	8527	P03928	0	+	8524	8527	0,0,102	1	3	0	.	N6-acetyllysine;	alternate.
#Deleted in new
MT	8524	8527	P03928	0	+	8524	8527	0,0,102	1	3	0	.	N6-succinyllysine;	alternate.
#Deleted in new
MT	8533	8536	P03928	0	+	8533	8536	0,0,102	1	3	0	.	N6-acetyllysine.
