#Deleted in new
chr1	248745220	248745223	Q6UX82	0	-	248745220	248745223	204,51,102	1	3	0	.	N-linked	(GlcNAc...).
#Deleted in new
chr1	248745262	248745265	Q6UX82	0	-	248745262	248745265	204,51,102	1	3	0	.	N-linked	(GlcNAc...).
#Deleted in new
chr1	248748304	248748307	Q6UX82	0	-	248748304	248748307	204,51,102	1	3	0	.	N-linked	(GlcNAc...).
#Deleted in new
chr1	248748406	248748409	Q6UX82	0	-	248748406	248748409	204,51,102	1	3	0	.	N-linked	(GlcNAc...).
#Deleted in new
chr1	248750560	248750563	Q6UX82	0	-	248750560	248750563	204,51,102	1	3	0	.	N-linked	(GlcNAc...).
#Deleted in new
chr11	1181371	1181374	P98088	0	+	1181371	1181374	204,51,102	1	3	0	.	N-linked	(GlcNAc...).
#Deleted in new
chr11	1182309	1182312	P98088	0	+	1182309	1182312	204,51,102	1	3	0	.	C-linked	(Man).
#Deleted in new
chr11	1182894	1182897	P98088	0	+	1182894	1182897	204,51,102	1	3	0	.	C-linked	(Man).
#Deleted in new
chr11	1183389	1183392	P98088	0	+	1183389	1183392	204,51,102	1	3	0	.	C-linked	(Man).
#Deleted in new
chr11	1184013	1184016	P98088	0	+	1184013	1184016	204,51,102	1	3	0	.	C-linked	(Man).
#Deleted in new
chr11	1184508	1184511	P98088	0	+	1184508	1184511	204,51,102	1	3	0	.	C-linked	(Man).	Pubmed:14718370
#Deleted in new
chr11	1187826	1187829	P98088	0	+	1187826	1187829	204,51,102	1	3	0	.	C-linked	(Man).
#Deleted in new
chr11	1188720	1188723	P98088	0	+	1188720	1188723	204,51,102	1	3	0	.	C-linked	(Man).
#Deleted in new
chr11	1189464	1189467	P98088	0	+	1189464	1189467	204,51,102	1	3	0	.	N-linked	(GlcNAc...).
#Deleted in new
chr11	1190019	1190022	P98088	0	+	1190019	1190022	204,51,102	1	3	0	.	C-linked	(Man).
#Deleted in new
chr16	8589246	8589249	B3SHH9	0	-	8589246	8589249	204,51,102	1	3	0	.	N-linked	(GlcNAc...).
#Deleted in new
chr16	8589673	8589676	B3SHH9	0	-	8589673	8589676	204,51,102	1	3	0	.	N-linked	(GlcNAc...).
#Deleted in new
chr17	64452649	64452652	Q7Z6M3	0	+	64452649	64452652	204,51,102	1	3	0	.	N-linked	(GlcNAc...).
#Deleted in new
chr17	64452676	64452679	Q7Z6M3	0	+	64452676	64452679	204,51,102	1	3	0	.	N-linked	(GlcNAc...).
#Deleted in new
chr17	64452763	64452766	Q7Z6M3	0	+	64452763	64452766	204,51,102	1	3	0	.	N-linked	(GlcNAc...).
#Deleted in new
chr17	64457482	64457485	Q7Z6M3	0	+	64457482	64457485	204,51,102	1	3	0	.	N-linked	(GlcNAc...).
#Deleted in new
chr17	64457500	64457503	Q7Z6M3	0	+	64457500	64457503	204,51,102	1	3	0	.	N-linked	(GlcNAc...).
#Deleted in new
chr17	64457575	64457578	Q7Z6M3	0	+	64457575	64457578	204,51,102	1	3	0	.	N-linked	(GlcNAc...).
#Deleted in new
chr19	54242439	54242442	Q6PI73	0	-	54242439	54242442	204,51,102	1	3	0	.	N-linked	(GlcNAc...).
#Deleted in new
chr19	54296846	54296849	Q8N6C8	0	-	54296846	54296849	204,51,102	1	3	0	.	N-linked	(GlcNAc...).	Pubmed:24085305
#Deleted in new
chr19	54300003	54300006	Q8N6C8	0	-	54300003	54300006	204,51,102	1	3	0	.	N-linked	(GlcNAc...).	Pubmed:24085305
#Deleted in new
chr19	54300030	54300033	Q8N6C8	0	-	54300030	54300033	204,51,102	1	3	0	.	N-linked	(GlcNAc...).	Pubmed:24085305
#Deleted in new
chr9	130325846	130325849	Q8NDA2	0	+	130325846	130325849	204,51,102	1	3	0	.	N-linked	(GlcNAc...).
#Deleted in new
chr9	130327329	130327332	Q8NDA2	0	+	130327329	130327332	204,51,102	1	3	0	.	N-linked	(GlcNAc...).
#Deleted in new
chr9	130342408	130342411	Q8NDA2	0	+	130342408	130342411	204,51,102	1	3	0	.	N-linked	(GlcNAc...).
#Deleted in new
chrX	77447905	77447908	O43320	0	+	77447905	77447908	204,51,102	1	3	0	.	N-linked	(GlcNAc...).
