#Partially deleted in new
chr1	9539724	9553665	Q9BSK2	0	+	9539724	9553665	204,0,204	1	13941	0	.	Helical;	Name=1.
#Partially deleted in new
chr1	145647219	145663349	X5D7G6	0	+	145647219	145663349	204,0,204	1	16130	0	.	Helical.
#Partially deleted in new
chr1	145647225	145663349	B7ZAQ6	0	+	145647225	145663349	204,0,204	1	16124	0	.	Helical.
#Partially deleted in new
chr1	145647225	145663349	P0CG08	0	+	145647225	145663349	204,0,204	1	16124	0	.	Helical.
#Split in new
chr1	146074448	146074581	A0A087WVC7	0	-	146074448	146074581	204,0,204	1	133	0	.	Helical.
#Partially deleted in new
chr1	210623666	210674340	Q5VTY9	0	+	210623666	210674340	204,0,204	1	50674	0	.	Helical.
#Partially deleted in new
chr10	45985410	45988768	O14925	0	+	45985410	45988768	204,0,204	1	3358	0	.	Helical.
#Split in new
chr10	49952182	49958401	B4DDK6	0	+	49952182	49958401	204,0,204	1	6219	0	.	Helical.
#Partially deleted in new
chr11	67996775	67997728	Q9H1C4	0	-	67996775	67997728	204,0,204	1	953	0	.	Helical.
#Partially deleted in new
chr11	124250488	124250551	Q15617	0	+	124250488	124250551	204,0,204	1	63	0	.	Helical;	Name=7.
#Partially deleted in new
chr11	124250491	124250551	A0A126GVX6	0	+	124250491	124250551	204,0,204	1	60	0	.	Helical.
#Partially deleted in new
chr12	6824711	6825504	A0A0I9QPQ8	0	+	6824711	6825504	204,0,204	1	793	0	.	Helical.
#Partially deleted in new
chr12	6824723	6825504	Q16538	0	+	6824723	6825504	204,0,204	1	781	0	.	Helical;	Name=6.
#Partially deleted in new
chr12	6981878	7018304	F5H7K7	0	-	6981878	7018304	204,0,204	1	36426	0	.	Helical.
#Partially deleted in new
chr12	6983498	7018295	Q6P1A2	0	-	6983498	7018295	204,0,204	1	34797	0	.	Helical.
#Partially deleted in new
chr12	6983507	7018304	B7Z3N5	0	-	6983507	7018304	204,0,204	1	34797	0	.	Helical.
#Partially deleted in new
chr12	6983507	7018304	F5GYT3	0	-	6983507	7018304	204,0,204	1	34797	0	.	Helical.
#Partially deleted in new
chr12	6983507	7018304	F5H0M4	0	-	6983507	7018304	204,0,204	1	34797	0	.	Helical.
#Partially deleted in new
chr12	11186157	11186223	A0A0G2JPZ2	0	-	11186157	11186223	204,0,204	1	66	0	.	Helical.
#Partially deleted in new
chr12	21910300	21910879	A0A024RAV7	0	-	21910300	21910879	204,0,204	1	579	0	.	Helical.
#Partially deleted in new
chr12	44143567	44211307	F8VS00	0	+	44143567	44211307	204,0,204	1	67740	0	.	Helical.
#Partially deleted in new
chr12	44143576	44211304	Q9H0C3	0	+	44143576	44211304	204,0,204	1	67728	0	.	Helical.
#Partially deleted in new
chr12	85023343	85027904	P0C672	0	-	85023343	85027904	204,0,204	1	4561	0	.	Helical.
#Partially deleted in new
chr14	22565120	22588989	A0A0B4J239	0	-	22565120	22588989	204,0,204	1	23869	0	.	Helical.
#Partially deleted in new
chr14	22575225	22589001	P61803	0	-	22575225	22589001	204,0,204	1	13776	0	.	Helical.
#Partially deleted in new
chr14	22575225	22589079	F5GXX5	0	-	22575225	22589079	204,0,204	1	13854	0	.	Helical.
#Partially deleted in new
chr14	94111754	94115842	A0A087X174	0	+	94111754	94115842	204,0,204	1	4088	0	.	Helical.
#Partially deleted in new
chr14	94114855	94115836	Q9H4B1	0	+	94114855	94115836	204,0,204	1	981	0	.	Helical.
#Partially deleted in new
chr14	94114855	94115842	A0A087WZR1	0	+	94114855	94115842	204,0,204	1	987	0	.	Helical.
#Partially deleted in new
chr14	94114855	94115842	A8K0H0	0	+	94114855	94115842	204,0,204	1	987	0	.	Helical.
#Partially deleted in new
chr14	94114855	94115845	A0A087WUJ8	0	+	94114855	94115845	204,0,204	1	990	0	.	Helical.
#Partially deleted in new
chr14	94114855	94115845	A0A087WV79	0	+	94114855	94115845	204,0,204	1	990	0	.	Helical.
#Partially deleted in new
chr14	105838216	105838291	A0A0A0MS09	0	-	105838216	105838291	204,0,204	1	75	0	.	Helical.
#Partially deleted in new
chr15	21638297	21638366	A0A0X1KG70	0	+	21638297	21638366	204,0,204	1	69	0	.	Helical.
#Partially deleted in new
chr15	21659292	21659352	A0A0G2JNH3	0	+	21659292	21659352	204,0,204	1	60	0	.	Helical.
#Partially deleted in new
chr15	21659294	21659354	A0A0G2JQD3	0	+	21659294	21659354	204,0,204	1	60	0	.	Helical.
#Partially deleted in new
chr16	58702	58979	Q96CC6	0	-	58702	58979	204,0,204	1	277	0	.	Helical.
#Partially deleted in new
chr16	8569949	8589219	A0A096LNY9	0	-	8569949	8589219	204,0,204	1	19270	0	.	Helical.
#Deleted in new
chr16	8589733	8589805	A0A096LNY9	0	-	8589733	8589805	204,0,204	1	72	0	.	Helical.
#Deleted in new
chr16	8589757	8589820	B3SHH9	0	-	8589757	8589820	204,0,204	1	63	0	.	Helical.
#Partially deleted in new
chr17	37390187	37390250	Q8N4C9	0	+	37390187	37390250	204,0,204	1	63	0	.	Helical.
#Partially deleted in new
chr17	38135211	38135464	Q6PRD1	0	-	38135211	38135464	204,0,204	1	253	0	.	Helical;	Name=5.
#Split in new
chr17	38135551	38135614	Q6PRD1	0	-	38135551	38135614	204,0,204	1	63	0	.	Helical;	Name=4.
#Partially deleted in new
chr17	38136017	38136080	Q6PRD1	0	-	38136017	38136080	204,0,204	1	63	0	.	Helical;	Name=3.
#Deleted in new
chr17	64354948	64355014	A0A075B738	0	-	64354948	64355014	204,0,204	1	66	0	.	Helical.
#Deleted in new
chr17	64460850	64460913	Q7Z6M3	0	+	64460850	64460913	204,0,204	1	63	0	.	Helical.
#Partially deleted in new
chr17	74882677	74892546	A0A087WU67	0	-	74882677	74892546	204,0,204	1	9869	0	.	Helical.
#Partially deleted in new
chr17	74892681	74893400	A0A087WU67	0	-	74892681	74893400	204,0,204	1	719	0	.	Helical.
#Partially deleted in new
chr19	41877319	41878991	M0QX61	0	+	41877319	41878991	204,0,204	1	1672	0	.	Helical.
#Partially deleted in new
chr19	54103154	54105965	A8MVM8	0	+	54103154	54105965	204,0,204	1	2811	0	.	Helical.
#Partially deleted in new
chr19	54103154	54105965	A8MYJ8	0	+	54103154	54105965	204,0,204	1	2811	0	.	Helical.
#Partially deleted in new
chr19	54103154	54105965	Q6FGG4	0	+	54103154	54105965	204,0,204	1	2811	0	.	Helical.
#Partially deleted in new
chr19	54103154	54105965	S4R3T6	0	+	54103154	54105965	204,0,204	1	2811	0	.	Helical.
#Partially deleted in new
chr19	54103155	54105966	H7C2R1	0	+	54103155	54105966	204,0,204	1	2811	0	.	Helical.
#Partially deleted in new
chr19	54103157	54105965	O95167	0	+	54103157	54105965	204,0,204	1	2808	0	.	Helical.
#Partially deleted in new
chr19	54103208	54106018	A8MVM8	0	+	54103208	54106018	204,0,204	1	2810	0	.	Helical.
#Partially deleted in new
chr19	54103208	54106018	A8MYJ8	0	+	54103208	54106018	204,0,204	1	2810	0	.	Helical.
#Partially deleted in new
chr19	54103208	54106018	Q6FGG4	0	+	54103208	54106018	204,0,204	1	2810	0	.	Helical.
#Partially deleted in new
chr19	54103208	54106018	S4R3T6	0	+	54103208	54106018	204,0,204	1	2810	0	.	Helical.
#Partially deleted in new
chr19	54103209	54106019	H7C2R1	0	+	54103209	54106019	204,0,204	1	2810	0	.	Helical.
#Partially deleted in new
chr19	54103211	54106018	O95167	0	+	54103211	54106018	204,0,204	1	2807	0	.	Helical.
#Partially deleted in new
chr19	54160985	54161389	A0A0G2JMP8	0	-	54160985	54161389	204,0,204	1	404	0	.	Helical.
#Partially deleted in new
chr19	54160985	54161389	A0A0G2JP95	0	-	54160985	54161389	204,0,204	1	404	0	.	Helical.
#Partially deleted in new
chr19	54160986	54161390	A0A0G2JMM6	0	-	54160986	54161390	204,0,204	1	404	0	.	Helical.
#Partially deleted in new
chr19	54160986	54161390	A0A0G2JPL6	0	-	54160986	54161390	204,0,204	1	404	0	.	Helical.
#Partially deleted in new
chr19	54160986	54161390	A0A140VJX7	0	-	54160986	54161390	204,0,204	1	404	0	.	Helical.
#Partially deleted in new
chr19	54160989	54161390	Q7Z404	0	-	54160989	54161390	204,0,204	1	401	0	.	Helical.
#Partially deleted in new
chr19	54163107	54163743	A0A087WT65	0	-	54163107	54163743	204,0,204	1	636	0	.	Helical.
#Partially deleted in new
chr19	54163107	54163743	A0A087WVI4	0	-	54163107	54163743	204,0,204	1	636	0	.	Helical.
#Partially deleted in new
chr19	54163586	54164219	A0A0G2JMP8	0	-	54163586	54164219	204,0,204	1	633	0	.	Helical.
#Partially deleted in new
chr19	54163586	54164219	A0A0G2JP95	0	-	54163586	54164219	204,0,204	1	633	0	.	Helical.
#Partially deleted in new
chr19	54163587	54164222	A0A140VJX7	0	-	54163587	54164222	204,0,204	1	635	0	.	Helical.
#Partially deleted in new
chr19	54163592	54164227	A0A0G2JMM6	0	-	54163592	54164227	204,0,204	1	635	0	.	Helical.
#Partially deleted in new
chr19	54163592	54164227	A0A0G2JPL6	0	-	54163592	54164227	204,0,204	1	635	0	.	Helical.
#Partially deleted in new
chr19	54163596	54164222	Q7Z404	0	-	54163596	54164222	204,0,204	1	626	0	.	Helical.
#Partially deleted in new
chr19	54187804	54187861	A0A0G2JNX6	0	-	54187804	54187861	204,0,204	1	57	0	.	Helical.
#Partially deleted in new
chr19	54187804	54187861	A9C4B8	0	-	54187804	54187861	204,0,204	1	57	0	.	Helical.
#Partially deleted in new
chr19	54187804	54187867	Q96N66	0	-	54187804	54187867	204,0,204	1	63	0	.	Helical.
#Partially deleted in new
chr19	54187840	54187897	A9C4B8	0	-	54187840	54187897	204,0,204	1	57	0	.	Helical.
#Partially deleted in new
chr19	54187840	54187897	C9J4E9	0	-	54187840	54187897	204,0,204	1	57	0	.	Helical.
#Partially deleted in new
chr19	54187840	54187903	Q96N66	0	-	54187840	54187903	204,0,204	1	63	0	.	Helical.
#Partially deleted in new
chr19	54188932	54189081	Q96N66	0	-	54188932	54189081	204,0,204	1	149	0	.	Helical.
#Partially deleted in new
chr19	54188936	54189085	Q96N66	0	-	54188936	54189085	204,0,204	1	149	0	.	Helical.
#Partially deleted in new
chr19	54189039	54189090	A0A0G2JNX6	0	-	54189039	54189090	204,0,204	1	51	0	.	Helical.
#Partially deleted in new
chr19	54189039	54189090	A9C4B8	0	-	54189039	54189090	204,0,204	1	51	0	.	Helical.
#Partially deleted in new
chr19	54189043	54189094	A9C4B8	0	-	54189043	54189094	204,0,204	1	51	0	.	Helical.
#Partially deleted in new
chr19	54189043	54189094	C9J4E9	0	-	54189043	54189094	204,0,204	1	51	0	.	Helical.
#Partially deleted in new
chr19	54189043	54189094	F8WD95	0	-	54189043	54189094	204,0,204	1	51	0	.	Helical.
#Partially deleted in new
chr19	54349457	54349520	Q9H313	0	+	54349457	54349520	204,0,204	1	63	0	.	Helical;	Name=1.
#Partially deleted in new
chr19	54349592	54351625	Q9H313	0	+	54349592	54351625	204,0,204	1	2033	0	.	Helical;	Name=2.
#Partially deleted in new
chr19	54351416	54353449	Q9H313	0	+	54351416	54353449	204,0,204	1	2033	0	.	Helical;	Name=2.
#Partially deleted in new
chr19	54357072	54359674	Q9H313	0	+	54357072	54359674	204,0,204	1	2602	0	.	Helical;	Name=4.
#Partially deleted in new
chr19	54358905	54361505	A0A0G2JPK6	0	+	54358905	54361505	204,0,204	1	2600	0	.	Helical.
#Partially deleted in new
chr19	54358905	54361511	Q9H313	0	+	54358905	54361511	204,0,204	1	2606	0	.	Helical;	Name=4.
#Partially deleted in new
chr19	54426754	54429355	Q9H313	0	+	54426754	54429355	204,0,204	1	2601	0	.	Helical;	Name=4.
#Partially deleted in new
chr19	54427186	54429219	Q9H313	0	+	54427186	54429219	204,0,204	1	2033	0	.	Helical;	Name=2.
#Partially deleted in new
chr19	54560542	54560599	A0A0G2JPP7	0	+	54560542	54560599	204,0,204	1	57	0	.	Helical.
#Partially deleted in new
chr19	54897793	54897850	P24071	0	+	54897793	54897850	204,0,204	1	57	0	.	Helical.
#Partially deleted in new
chr2	8908691	8943224	Q6ZWT7	0	-	8908691	8943224	204,0,204	1	34533	0	.	Helical.
#Partially deleted in new
chr2	75053682	75120575	P25103	0	-	75053682	75120575	204,0,204	1	66893	0	.	Helical;	Name=5.
#Deleted in new
chr2	94594837	94602527	A0A075B734	0	+	94594837	94602527	204,0,204	1	7690	0	.	Helical.
#Deleted in new
chr2	94602542	94602602	A0A075B734	0	+	94602542	94602602	204,0,204	1	60	0	.	Helical.
#Deleted in new
chr2	94603125	94603399	A0A075B734	0	+	94603125	94603399	204,0,204	1	274	0	.	Helical.
#Deleted in new
chr2	94604300	94604372	A0A075B734	0	+	94604300	94604372	204,0,204	1	72	0	.	Helical.
#Partially deleted in new
chr2	134552086	134713257	Q8TC26	0	-	134552086	134713257	204,0,204	1	161171	0	.	Helical.
#Partially deleted in new
chr22	42142861	42142915	A0A0G2JLK7	0	-	42142861	42142915	204,0,204	1	54	0	.	Helical.
#Partially deleted in new
chr22	42142861	42142915	Q38LG0	0	-	42142861	42142915	204,0,204	1	54	0	.	Helical.
#Partially deleted in new
chr3	66221109	66236591	F8WAB8	0	+	66221109	66236591	204,0,204	1	15482	0	.	Helical.
#Deleted in new
chr5	139454864	139455326	Q19T08	0	-	139454864	139455326	204,0,204	1	462	0	.	Helical.
#Partially deleted in new
chr6	47007261	47008974	Q5T601	0	-	47007261	47008974	204,0,204	1	1713	0	.	Helical;	Name=7.
#Partially deleted in new
chr6	47007261	47008983	A0A0C4DH10	0	-	47007261	47008983	204,0,204	1	1722	0	.	Helical.
#Partially deleted in new
chr6	72622564	73003947	Q9NR82	0	+	72622564	73003947	204,0,204	1	381383	0	.	Helical;	Name=Segment	S1.
#Partially deleted in new
chr6	72622567	73003956	A0A0A0MRC8	0	+	72622567	73003956	204,0,204	1	381389	0	.	Helical.
#Partially deleted in new
chr6	72622567	73003956	A0A0A0MSC0	0	+	72622567	73003956	204,0,204	1	381389	0	.	Helical.
#Partially deleted in new
chr6	72622567	73003956	A0A0A0MSD9	0	+	72622567	73003956	204,0,204	1	381389	0	.	Helical.
#Partially deleted in new
chr6	72622567	73003956	A0A0A0MT07	0	+	72622567	73003956	204,0,204	1	381389	0	.	Helical.
#Partially deleted in new
chr6	72622567	73003956	F8WEA4	0	+	72622567	73003956	204,0,204	1	381389	0	.	Helical.
#Deleted in new
chr7	100966452	100966515	Q02505	0	+	100966452	100966515	204,0,204	1	63	0	.	Helical.
#Partially deleted in new
chr7	102281875	102282729	Q13948	0	+	102281875	102282729	204,0,204	1	854	0	.	Helical;	Anchor	for	type	IV	membrane	protein.
#Partially deleted in new
chr7	104329196	104736709	C9JA52	0	+	104329196	104736709	204,0,204	1	407513	0	.	Helical.
#Deleted in new
chr7	142792724	142793124	A0A0J9YYE9	0	+	142792724	142793124	204,0,204	1	400	0	.	Helical.
#Partially deleted in new
chr7	142914997	142915320	A0A0A6YY98	0	-	142914997	142915320	204,0,204	1	323	0	.	Helical.
#Partially deleted in new
chr7	142914997	142915320	H7C2J6	0	-	142914997	142915320	204,0,204	1	323	0	.	Helical.
#Partially deleted in new
chr8	55357861	55523327	Q5GH76	0	+	55357861	55523327	204,0,204	1	165466	0	.	Helical.
#Partially deleted in new
chr9	41894055	41898472	A0A087X0T4	0	-	41894055	41898472	204,0,204	1	4417	0	.	Helical.
#Partially deleted in new
chr9	41894057	41898474	A0A087WUH3	0	-	41894057	41898474	204,0,204	1	4417	0	.	Helical.
#Partially deleted in new
chr9	41894057	41898474	A0A087X119	0	-	41894057	41898474	204,0,204	1	4417	0	.	Helical.
#Split in new
chr9	42183753	42183816	Q5VVP1	0	+	42183753	42183816	204,0,204	1	63	0	.	Helical.
#Deleted in new
chr9	43110608	43110665	F6QWF9	0	-	43110608	43110665	204,0,204	1	57	0	.	Helical.
#Partially deleted in new
chr9	43111269	43111338	F6QWF9	0	-	43111269	43111338	204,0,204	1	69	0	.	Helical.
#Split in new
chr9	61190130	61190193	Q8IWB4	0	+	61190130	61190193	204,0,204	1	63	0	.	Helical.
#Partially deleted in new
chr9	133261361	133262139	A0A087X009	0	-	133261361	133262139	204,0,204	1	778	0	.	Helical.
#Partially deleted in new
chr9	133261361	133262139	A0A087X0C2	0	-	133261361	133262139	204,0,204	1	778	0	.	Helical.
#Partially deleted in new
chrX	49223129	49224810	O60840	0	-	49223129	49224810	204,0,204	1	1681	0	.	Helical;	Name=S4	of	repeat	II.
#Partially deleted in new
chrX	103789335	103790544	P60201	0	+	103789335	103790544	204,0,204	1	1209	0	.	Helical;	Name=4.
#Partially deleted in new
chrX	103789350	103790562	A0A0S2Z4D4	0	+	103789350	103790562	204,0,204	1	1212	0	.	Helical.
#Partially deleted in new
chrX	103789350	103790562	A8K9L3	0	+	103789350	103790562	204,0,204	1	1212	0	.	Helical.
#Partially deleted in new
chrX	116441078	116442730	Q9UN76	0	+	116441078	116442730	204,0,204	1	1652	0	.	Helical;	Name=3.
#Partially deleted in new
chrX	116445041	116446794	Q9UN76	0	+	116445041	116446794	204,0,204	1	1753	0	.	Helical;	Name=5.
#Partially deleted in new
chrX	149604013	149608632	B7Z4G6	0	-	149604013	149608632	204,0,204	1	4619	0	.	Helical.
#Deleted in new
MT	3309	3372	P03886	0	+	3309	3372	204,0,204	1	63	0	.	Helical.
#Deleted in new
MT	3321	3375	U5Z754	0	+	3321	3375	204,0,204	1	54	0	.	Helical.
#Deleted in new
MT	3507	3564	U5Z754	0	+	3507	3564	204,0,204	1	57	0	.	Helical.
#Deleted in new
MT	3507	3570	P03886	0	+	3507	3570	204,0,204	1	63	0	.	Helical.
#Deleted in new
MT	3597	3663	U5Z754	0	+	3597	3663	204,0,204	1	66	0	.	Helical.
#Deleted in new
MT	3603	3666	P03886	0	+	3603	3666	204,0,204	1	63	0	.	Helical.
#Deleted in new
MT	3723	3786	U5Z754	0	+	3723	3786	204,0,204	1	63	0	.	Helical.
#Deleted in new
MT	3741	3804	P03886	0	+	3741	3804	204,0,204	1	63	0	.	Helical.
#Deleted in new
MT	3816	3879	P03886	0	+	3816	3879	204,0,204	1	63	0	.	Helical.
#Deleted in new
MT	3819	3879	U5Z754	0	+	3819	3879	204,0,204	1	60	0	.	Helical.
#Deleted in new
MT	3963	4035	U5Z754	0	+	3963	4035	204,0,204	1	72	0	.	Helical.
#Deleted in new
MT	3996	4059	P03886	0	+	3996	4059	204,0,204	1	63	0	.	Helical.
#Deleted in new
MT	4062	4125	P03886	0	+	4062	4125	204,0,204	1	63	0	.	Helical.
#Deleted in new
MT	4068	4125	U5Z754	0	+	4068	4125	204,0,204	1	57	0	.	Helical.
#Deleted in new
MT	4182	4248	U5Z754	0	+	4182	4248	204,0,204	1	66	0	.	Helical.
#Deleted in new
MT	4185	4248	P03886	0	+	4185	4248	204,0,204	1	63	0	.	Helical.
#Deleted in new
MT	4505	4568	P03891	0	+	4505	4568	204,0,204	1	63	0	.	Helical.
#Deleted in new
MT	4634	4697	P03891	0	+	4634	4697	204,0,204	1	63	0	.	Helical.
#Deleted in new
MT	4634	4697	Q7GXY9	0	+	4634	4697	204,0,204	1	63	0	.	Helical.
#Deleted in new
MT	4754	4814	Q7GXY9	0	+	4754	4814	204,0,204	1	60	0	.	Helical.
#Deleted in new
MT	4754	4817	P03891	0	+	4754	4817	204,0,204	1	63	0	.	Helical.
#Deleted in new
MT	4835	4898	P03891	0	+	4835	4898	204,0,204	1	63	0	.	Helical.
#Deleted in new
MT	4913	4976	P03891	0	+	4913	4976	204,0,204	1	63	0	.	Helical.
#Deleted in new
MT	4919	4982	Q7GXY9	0	+	4919	4982	204,0,204	1	63	0	.	Helical.
#Deleted in new
MT	5000	5057	Q7GXY9	0	+	5000	5057	204,0,204	1	57	0	.	Helical.
#Deleted in new
MT	5000	5063	P03891	0	+	5000	5063	204,0,204	1	63	0	.	Helical.
#Deleted in new
MT	5069	5132	P03891	0	+	5069	5132	204,0,204	1	63	0	.	Helical.
#Deleted in new
MT	5072	5126	Q7GXY9	0	+	5072	5126	204,0,204	1	54	0	.	Helical.
#Deleted in new
MT	5183	5240	Q7GXY9	0	+	5183	5240	204,0,204	1	57	0	.	Helical.
#Deleted in new
MT	5207	5270	P03891	0	+	5207	5270	204,0,204	1	63	0	.	Helical.
#Deleted in new
MT	5288	5351	P03891	0	+	5288	5351	204,0,204	1	63	0	.	Helical.
#Deleted in new
MT	5297	5384	Q7GXY9	0	+	5297	5384	204,0,204	1	87	0	.	Helical.
#Deleted in new
MT	5441	5507	Q7GXY9	0	+	5441	5507	204,0,204	1	66	0	.	Helical.
#Deleted in new
MT	5444	5507	P03891	0	+	5444	5507	204,0,204	1	63	0	.	Helical.
#Deleted in new
MT	5954	6014	U5YWV7	0	+	5954	6014	204,0,204	1	60	0	.	Helical.
#Deleted in new
MT	5960	6029	P00395	0	+	5960	6029	204,0,204	1	69	0	.	Helical;	Name=1.
#Deleted in new
MT	6071	6140	P00395	0	+	6071	6140	204,0,204	1	69	0	.	Helical;	Name=2.
#Deleted in new
MT	6071	6152	U5YWV7	0	+	6071	6152	204,0,204	1	81	0	.	Helical.
#Deleted in new
MT	6200	6269	P00395	0	+	6200	6269	204,0,204	1	69	0	.	Helical;	Name=3.
#Deleted in new
MT	6212	6287	U5YWV7	0	+	6212	6287	204,0,204	1	75	0	.	Helical.
#Deleted in new
MT	6341	6410	P00395	0	+	6341	6410	204,0,204	1	69	0	.	Helical;	Name=4.
#Deleted in new
MT	6344	6416	U5YWV7	0	+	6344	6416	204,0,204	1	72	0	.	Helical.
#Deleted in new
MT	6446	6515	P00395	0	+	6446	6515	204,0,204	1	69	0	.	Helical;	Name=5.
#Deleted in new
MT	6449	6533	U5YWV7	0	+	6449	6533	204,0,204	1	84	0	.	Helical.
#Deleted in new
MT	6608	6677	P00395	0	+	6608	6677	204,0,204	1	69	0	.	Helical;	Name=6.
#Deleted in new
MT	6629	6686	U5YWV7	0	+	6629	6686	204,0,204	1	57	0	.	Helical.
#Deleted in new
MT	6704	6776	U5YWV7	0	+	6704	6776	204,0,204	1	72	0	.	Helical.
#Deleted in new
MT	6713	6782	P00395	0	+	6713	6782	204,0,204	1	69	0	.	Helical;	Name=7.
#Deleted in new
MT	6809	6878	P00395	0	+	6809	6878	204,0,204	1	69	0	.	Helical;	Name=8.
#Deleted in new
MT	6809	6878	U5YWV7	0	+	6809	6878	204,0,204	1	69	0	.	Helical.
#Deleted in new
MT	6911	6980	P00395	0	+	6911	6980	204,0,204	1	69	0	.	Helical;	Name=9.
#Deleted in new
MT	6911	6980	U5YWV7	0	+	6911	6980	204,0,204	1	69	0	.	Helical.
#Deleted in new
MT	7022	7091	P00395	0	+	7022	7091	204,0,204	1	69	0	.	Helical;	Name=10.
#Deleted in new
MT	7037	7103	U5YWV7	0	+	7037	7103	204,0,204	1	66	0	.	Helical.
#Deleted in new
MT	7127	7196	P00395	0	+	7127	7196	204,0,204	1	69	0	.	Helical;	Name=11.
#Deleted in new
MT	7136	7193	U5YWV7	0	+	7136	7193	204,0,204	1	57	0	.	Helical.
#Deleted in new
MT	7250	7322	U5YWV7	0	+	7250	7322	204,0,204	1	72	0	.	Helical.
#Deleted in new
MT	7253	7322	P00395	0	+	7253	7322	204,0,204	1	69	0	.	Helical;	Name=12.
#Deleted in new
MT	7663	7723	U5Z487	0	+	7663	7723	204,0,204	1	60	0	.	Helical.
#Deleted in new
MT	7663	7729	P00403	0	+	7663	7729	204,0,204	1	66	0	.	Helical.
#Deleted in new
MT	7771	7831	P00403	0	+	7771	7831	204,0,204	1	60	0	.	Helical.
#Deleted in new
MT	7780	7840	U5Z487	0	+	7780	7840	204,0,204	1	60	0	.	Helical.
#Deleted in new
MT	8386	8437	P03928	0	+	8386	8437	204,0,204	1	51	0	.	Helical.
#Deleted in new
MT	8398	8470	U5YV54	0	+	8398	8470	204,0,204	1	72	0	.	Helical.
#Deleted in new
MT	8541	8604	P00846	0	+	8541	8604	204,0,204	1	63	0	.	Helical.
#Deleted in new
MT	8541	8619	Q0ZFE3	0	+	8541	8619	204,0,204	1	78	0	.	Helical.
#Deleted in new
MT	8724	8784	Q0ZFE3	0	+	8724	8784	204,0,204	1	60	0	.	Helical.
#Deleted in new
MT	8727	8790	P00846	0	+	8727	8790	204,0,204	1	63	0	.	Helical.
#Deleted in new
MT	8814	8877	P00846	0	+	8814	8877	204,0,204	1	63	0	.	Helical.
#Deleted in new
MT	8817	8877	Q0ZFE3	0	+	8817	8877	204,0,204	1	60	0	.	Helical.
#Deleted in new
MT	8934	9000	Q0ZFE3	0	+	8934	9000	204,0,204	1	66	0	.	Helical.
#Deleted in new
MT	8937	9000	P00846	0	+	8937	9000	204,0,204	1	63	0	.	Helical.
#Deleted in new
MT	9015	9078	P00846	0	+	9015	9078	204,0,204	1	63	0	.	Helical.
#Deleted in new
MT	9015	9078	Q0ZFE3	0	+	9015	9078	204,0,204	1	63	0	.	Helical.
#Deleted in new
MT	9090	9153	P00846	0	+	9090	9153	204,0,204	1	63	0	.	Helical.
#Deleted in new
MT	9096	9192	Q0ZFE3	0	+	9096	9192	204,0,204	1	96	0	.	Helical.
#Deleted in new
MT	9248	9311	P00414	0	+	9248	9311	204,0,204	1	63	0	.	Helical.
#Deleted in new
MT	9251	9311	Q7GIM7	0	+	9251	9311	204,0,204	1	60	0	.	Helical.
#Deleted in new
MT	9326	9380	Q7GIM7	0	+	9326	9380	204,0,204	1	54	0	.	Helical.
#Deleted in new
MT	9329	9383	P00414	0	+	9329	9383	204,0,204	1	54	0	.	Helical.
#Deleted in new
MT	9440	9512	Q7GIM7	0	+	9440	9512	204,0,204	1	72	0	.	Helical.
#Deleted in new
MT	9446	9509	P00414	0	+	9446	9509	204,0,204	1	63	0	.	Helical.
#Deleted in new
MT	9584	9647	P00414	0	+	9584	9647	204,0,204	1	63	0	.	Helical.
#Deleted in new
MT	9680	9737	Q7GIM7	0	+	9680	9737	204,0,204	1	57	0	.	Helical.
#Deleted in new
MT	9680	9743	P00414	0	+	9680	9743	204,0,204	1	63	0	.	Helical.
#Deleted in new
MT	9794	9857	P00414	0	+	9794	9857	204,0,204	1	63	0	.	Helical.
#Deleted in new
MT	9794	9866	Q7GIM7	0	+	9794	9866	204,0,204	1	72	0	.	Helical.
#Deleted in new
MT	9920	9983	P00414	0	+	9920	9983	204,0,204	1	63	0	.	Helical.
#Deleted in new
MT	9923	9986	Q7GIM7	0	+	9923	9986	204,0,204	1	63	0	.	Helical.
#Deleted in new
MT	10064	10127	P03897	0	+	10064	10127	204,0,204	1	63	0	.	Helical.
#Deleted in new
MT	10073	10130	Q7GXZ5	0	+	10073	10130	204,0,204	1	57	0	.	Helical.
#Deleted in new
MT	10220	10283	P03897	0	+	10220	10283	204,0,204	1	63	0	.	Helical.
#Deleted in new
MT	10220	10292	Q7GXZ5	0	+	10220	10292	204,0,204	1	72	0	.	Helical.
#Deleted in new
MT	10307	10370	P03897	0	+	10307	10370	204,0,204	1	63	0	.	Helical.
#Deleted in new
MT	10307	10379	Q7GXZ5	0	+	10307	10379	204,0,204	1	72	0	.	Helical.
#Deleted in new
MT	10469	10532	P03901	0	+	10469	10532	204,0,204	1	63	0	.	Helical.
#Deleted in new
MT	10484	10535	Q7GXZ4	0	+	10484	10535	204,0,204	1	51	0	.	Helical.
#Deleted in new
MT	10553	10616	P03901	0	+	10553	10616	204,0,204	1	63	0	.	Helical.
#Deleted in new
MT	10553	10616	Q7GXZ4	0	+	10553	10616	204,0,204	1	63	0	.	Helical.
#Deleted in new
MT	10631	10706	Q7GXZ4	0	+	10631	10706	204,0,204	1	75	0	.	Helical.
#Deleted in new
MT	10640	10703	P03901	0	+	10640	10703	204,0,204	1	63	0	.	Helical.
#Deleted in new
MT	10819	10882	H9EC08	0	+	10819	10882	204,0,204	1	63	0	.	Helical.
#Deleted in new
MT	10822	10885	P03905	0	+	10822	10885	204,0,204	1	63	0	.	Helical.
#Deleted in new
MT	10936	10999	P03905	0	+	10936	10999	204,0,204	1	63	0	.	Helical.
#Deleted in new
MT	11062	11125	P03905	0	+	11062	11125	204,0,204	1	63	0	.	Helical.
#Deleted in new
MT	11191	11254	P03905	0	+	11191	11254	204,0,204	1	63	0	.	Helical.
#Deleted in new
MT	11200	11260	H9EC08	0	+	11200	11260	204,0,204	1	60	0	.	Helical.
#Deleted in new
MT	11344	11407	H9EC08	0	+	11344	11407	204,0,204	1	63	0	.	Helical.
#Deleted in new
MT	11344	11407	P03905	0	+	11344	11407	204,0,204	1	63	0	.	Helical.
#Deleted in new
MT	11425	11491	H9EC08	0	+	11425	11491	204,0,204	1	66	0	.	Helical.
#Deleted in new
MT	11428	11491	P03905	0	+	11428	11491	204,0,204	1	63	0	.	Helical.
#Deleted in new
MT	11524	11590	H9EC08	0	+	11524	11590	204,0,204	1	66	0	.	Helical.
#Deleted in new
MT	11527	11590	P03905	0	+	11527	11590	204,0,204	1	63	0	.	Helical.
#Deleted in new
MT	11608	11668	H9EC08	0	+	11608	11668	204,0,204	1	60	0	.	Helical.
#Deleted in new
MT	11608	11668	P03905	0	+	11608	11668	204,0,204	1	60	0	.	Helical.
#Deleted in new
MT	11680	11749	P03905	0	+	11680	11749	204,0,204	1	69	0	.	Helical.
#Deleted in new
MT	11683	11749	H9EC08	0	+	11683	11749	204,0,204	1	66	0	.	Helical.
#Deleted in new
MT	11809	11866	H9EC08	0	+	11809	11866	204,0,204	1	57	0	.	Helical.
#Deleted in new
MT	11809	11872	P03905	0	+	11809	11872	204,0,204	1	63	0	.	Helical.
#Deleted in new
MT	11923	11986	H9EC08	0	+	11923	11986	204,0,204	1	63	0	.	Helical.
#Deleted in new
MT	11929	11992	P03905	0	+	11929	11992	204,0,204	1	63	0	.	Helical.
#Deleted in new
MT	12447	12510	P03915	0	+	12447	12510	204,0,204	1	63	0	.	Helical.
#Deleted in new
MT	12585	12651	U5ZC31	0	+	12585	12651	204,0,204	1	66	0	.	Helical.
#Deleted in new
MT	12594	12657	P03915	0	+	12594	12657	204,0,204	1	63	0	.	Helical.
#Deleted in new
MT	12684	12738	U5ZC31	0	+	12684	12738	204,0,204	1	54	0	.	Helical.
#Deleted in new
MT	12699	12762	P03915	0	+	12699	12762	204,0,204	1	63	0	.	Helical.
#Deleted in new
MT	12753	12816	U5ZC31	0	+	12753	12816	204,0,204	1	63	0	.	Helical.
#Deleted in new
MT	12765	12816	P03915	0	+	12765	12816	204,0,204	1	51	0	.	Helical.
#Deleted in new
MT	12846	12909	P03915	0	+	12846	12909	204,0,204	1	63	0	.	Helical.
#Deleted in new
MT	12849	12909	U5ZC31	0	+	12849	12909	204,0,204	1	60	0	.	Helical.
#Deleted in new
MT	12966	13035	P03915	0	+	12966	13035	204,0,204	1	69	0	.	Helical.
#Deleted in new
MT	12966	13035	U5ZC31	0	+	12966	13035	204,0,204	1	69	0	.	Helical.
#Deleted in new
MT	13056	13119	P03915	0	+	13056	13119	204,0,204	1	63	0	.	Helical.
#Deleted in new
MT	13068	13134	U5ZC31	0	+	13068	13134	204,0,204	1	66	0	.	Helical.
#Deleted in new
MT	13149	13212	P03915	0	+	13149	13212	204,0,204	1	63	0	.	Helical.
#Deleted in new
MT	13149	13218	U5ZC31	0	+	13149	13218	204,0,204	1	69	0	.	Helical.
#Deleted in new
MT	13236	13293	U5ZC31	0	+	13236	13293	204,0,204	1	57	0	.	Helical.
#Deleted in new
MT	13236	13296	P03915	0	+	13236	13296	204,0,204	1	60	0	.	Helical.
#Deleted in new
MT	13308	13377	P03915	0	+	13308	13377	204,0,204	1	69	0	.	Helical.
#Deleted in new
MT	13308	13377	U5ZC31	0	+	13308	13377	204,0,204	1	69	0	.	Helical.
#Deleted in new
MT	13437	13494	U5ZC31	0	+	13437	13494	204,0,204	1	57	0	.	Helical.
#Deleted in new
MT	13443	13506	P03915	0	+	13443	13506	204,0,204	1	63	0	.	Helical.
#Deleted in new
MT	13551	13635	U5ZC31	0	+	13551	13635	204,0,204	1	84	0	.	Helical.
#Deleted in new
MT	13554	13623	P03915	0	+	13554	13623	204,0,204	1	69	0	.	Helical.
#Deleted in new
MT	13695	13752	U5ZC31	0	+	13695	13752	204,0,204	1	57	0	.	Helical.
#Deleted in new
MT	13707	13770	P03915	0	+	13707	13770	204,0,204	1	63	0	.	Helical.
#Deleted in new
MT	13779	13842	P03915	0	+	13779	13842	204,0,204	1	63	0	.	Helical.
#Deleted in new
MT	13785	13857	U5ZC31	0	+	13785	13857	204,0,204	1	72	0	.	Helical.
#Deleted in new
MT	14079	14142	P03915	0	+	14079	14142	204,0,204	1	63	0	.	Helical.
#Deleted in new
MT	14085	14142	U5ZC31	0	+	14085	14142	204,0,204	1	57	0	.	Helical.
#Deleted in new
MT	14160	14223	P03923	0	-	14160	14223	204,0,204	1	63	0	.	Helical.
#Deleted in new
MT	14169	14232	U5Z977	0	-	14169	14232	204,0,204	1	63	0	.	Helical.
#Deleted in new
MT	14280	14343	P03923	0	-	14280	14343	204,0,204	1	63	0	.	Helical.
#Deleted in new
MT	14289	14343	U5Z977	0	-	14289	14343	204,0,204	1	54	0	.	Helical.
#Deleted in new
MT	14355	14418	P03923	0	-	14355	14418	204,0,204	1	63	0	.	Helical.
#Deleted in new
MT	14361	14433	U5Z977	0	-	14361	14433	204,0,204	1	72	0	.	Helical.
#Deleted in new
MT	14448	14517	U5Z977	0	-	14448	14517	204,0,204	1	69	0	.	Helical.
#Deleted in new
MT	14472	14535	P03923	0	-	14472	14535	204,0,204	1	63	0	.	Helical.
#Deleted in new
MT	14535	14598	P03923	0	-	14535	14598	204,0,204	1	63	0	.	Helical.
#Deleted in new
MT	14535	14601	U5Z977	0	-	14535	14601	204,0,204	1	66	0	.	Helical.
#Deleted in new
MT	14610	14673	P03923	0	-	14610	14673	204,0,204	1	63	0	.	Helical.
#Deleted in new
MT	14833	14914	Q0ZFD6	0	+	14833	14914	204,0,204	1	81	0	.	Helical.
#Deleted in new
MT	14842	14905	P00156	0	+	14842	14905	204,0,204	1	63	0	.	Helical.
#Deleted in new
MT	14974	15040	P00156	0	+	14974	15040	204,0,204	1	66	0	.	Helical.
#Deleted in new
MT	14974	15040	Q0ZFD6	0	+	14974	15040	204,0,204	1	66	0	.	Helical.
#Deleted in new
MT	15082	15145	P00156	0	+	15082	15145	204,0,204	1	63	0	.	Helical.
#Deleted in new
MT	15082	15145	Q0ZFD6	0	+	15082	15145	204,0,204	1	63	0	.	Helical.
#Deleted in new
MT	15163	15220	Q0ZFD6	0	+	15163	15220	204,0,204	1	57	0	.	Helical.
#Deleted in new
MT	15277	15340	P00156	0	+	15277	15340	204,0,204	1	63	0	.	Helical.
#Deleted in new
MT	15277	15346	Q0ZFD6	0	+	15277	15346	204,0,204	1	69	0	.	Helical.
#Deleted in new
MT	15421	15484	P00156	0	+	15421	15484	204,0,204	1	63	0	.	Helical.
#Deleted in new
MT	15430	15484	Q0ZFD6	0	+	15430	15484	204,0,204	1	54	0	.	Helical.
#Deleted in new
MT	15607	15670	P00156	0	+	15607	15670	204,0,204	1	63	0	.	Helical.
#Deleted in new
MT	15607	15670	Q0ZFD6	0	+	15607	15670	204,0,204	1	63	0	.	Helical.
#Deleted in new
MT	15703	15763	Q0ZFD6	0	+	15703	15763	204,0,204	1	60	0	.	Helical.
#Deleted in new
MT	15703	15766	P00156	0	+	15703	15766	204,0,204	1	63	0	.	Helical.
#Deleted in new
MT	15778	15862	Q0ZFD6	0	+	15778	15862	204,0,204	1	84	0	.	Helical.
#Deleted in new
MT	15784	15847	P00156	0	+	15784	15847	204,0,204	1	63	0	.	Helical.
