#Split in new
chr1	2645111	2795646	A8MYJ7	0	-	2645111	2795646	153,0,255	1	150535	0	.	TPR	3.
#Split in new
chr1	2645515	2783662	A0A1C7CYW7	0	-	2645515	2783662	153,0,255	1	138147	0	.	TPR.
#Split in new
chr1	2645515	2783662	A8MYJ7	0	-	2645515	2783662	153,0,255	1	138147	0	.	TPR	3.
#Partially deleted in new
chr1	9539715	9570297	Q9BSK2	0	+	9539715	9570297	153,0,255	1	30582	0	.	Solcar	1.
#Partially deleted in new
chr1	12795612	12795696	O95521	0	+	12795612	12795696	153,0,255	1	84	0	.	LRR	2.
#Split in new
chr1	13075067	13075139	A6NGN4	0	+	13075067	13075139	153,0,255	1	72	0	.	LRR	1.
#Partially deleted in new
chr1	13170175	13170238	A6NGN4	0	-	13170175	13170238	153,0,255	1	63	0	.	LRR	6.
#Deleted in new
chr1	13170337	13170409	A6NGN4	0	-	13170337	13170409	153,0,255	1	72	0	.	LRR	4.
#Partially deleted in new
chr1	13170427	13170490	A6NGN4	0	-	13170427	13170490	153,0,255	1	63	0	.	LRR	3.
#Deleted in new
chr1	13172259	13172328	A6NGN4	0	-	13172259	13172328	153,0,255	1	69	0	.	LRR	2.
#Partially deleted in new
chr1	13172355	13172427	A6NGN4	0	-	13172355	13172427	153,0,255	1	72	0	.	LRR	1.
#Partially deleted in new
chr1	13279309	13279378	Q5TYX0	0	+	13279309	13279378	153,0,255	1	69	0	.	LRR	2.
#Partially deleted in new
chr1	150231866	150235735	Q9BTT0	0	-	150231866	150235735	153,0,255	1	3869	0	.	LRR	1.
#Partially deleted in new
chr1	173775728	173782147	Q9Y2M5	0	+	173775728	173782147	153,0,255	1	6419	0	.	Kelch	5.
#Partially deleted in new
chr1	215586675	215595453	Q9Y597	0	+	215586675	215595453	153,0,255	1	8778	0	.	WD	3.
#Partially deleted in new
chr10	46379935	46382641	Q5VT79	0	+	46379935	46382641	153,0,255	1	2706	0	.	Annexin	1.
#Partially deleted in new
chr10	46384821	46385806	Q5VT79	0	+	46384821	46385806	153,0,255	1	985	0	.	Annexin	3.
#Partially deleted in new
chr10	46387611	46390912	Q5VT79	0	+	46387611	46390912	153,0,255	1	3301	0	.	Annexin	4.
#Partially deleted in new
chr10	115160155	115171039	Q5VV63	0	+	115160155	115171039	153,0,255	1	10884	0	.	Kelch	1.
#Partially deleted in new
chr10	115171222	115215773	Q5VV63	0	+	115171222	115215773	153,0,255	1	44551	0	.	Kelch	3.
#Partially deleted in new
chr10	115215785	115241631	Q5VV63	0	+	115215785	115241631	153,0,255	1	25846	0	.	Kelch	4.
#Split in new
chr10	115241634	115265278	Q5VV63	0	+	115241634	115265278	153,0,255	1	23644	0	.	Kelch	5.
#Partially deleted in new
chr10	131901323	131940045	Q66LE6	0	+	131901323	131940045	153,0,255	1	38722	0	.	WD	1.
#Deleted in new
chr11	1182291	1182588	P98088	0	+	1182291	1182588	153,0,255	1	297	0	.	Cys-rich	subdomain	1.
#Deleted in new
chr11	1182873	1183176	P98088	0	+	1182873	1183176	153,0,255	1	303	0	.	Cys-rich	subdomain	2.
#Partially deleted in new
chr11	1183371	1183686	P98088	0	+	1183371	1183686	153,0,255	1	315	0	.	Cys-rich	subdomain	3.
#Deleted in new
chr11	1183992	1184295	P98088	0	+	1183992	1184295	153,0,255	1	303	0	.	Cys-rich	subdomain	4.
#Split in new
chr11	1184490	1184805	P98088	0	+	1184490	1184805	153,0,255	1	315	0	.	Cys-rich	subdomain	5.
#Partially deleted in new
chr11	1187808	1188123	P98088	0	+	1187808	1188123	153,0,255	1	315	0	.	Cys-rich	subdomain	6.
#Split in new
chr11	1188702	1189125	P98088	0	+	1188702	1189125	153,0,255	1	423	0	.	Cys-rich	subdomain	7.
#Split in new
chr11	1190001	1190316	P98088	0	+	1190001	1190316	153,0,255	1	315	0	.	Cys-rich	subdomain	8.
#Deleted in new
chr11	71056500	71075199	A0A087WZC6	0	-	71056500	71075199	153,0,255	1	18699	0	.	ANK.
#Deleted in new
chr11	71056500	71075199	H7BZP8	0	-	71056500	71075199	153,0,255	1	18699	0	.	ANK.
#Split in new
chr11	71075199	71092444	A0A087WZC6	0	-	71075199	71092444	153,0,255	1	17245	0	.	ANK.
#Split in new
chr11	71075199	71092444	H7BZP8	0	-	71075199	71092444	153,0,255	1	17245	0	.	ANK.
#Partially deleted in new
chr12	58890753	58914001	Q6UXM1	0	-	58890753	58914001	153,0,255	1	23248	0	.	LRR	3.
#Partially deleted in new
chr13	101579390	101583313	O95965	0	+	101579390	101583313	153,0,255	1	3923	0	.	V.
#Partially deleted in new
chr14	18967998	18972841	A6NI47	0	+	18967998	18972841	153,0,255	1	4843	0	.	ANK	1.
#Partially deleted in new
chr14	18967998	18972850	A0A087X187	0	+	18967998	18972850	153,0,255	1	4852	0	.	ANK.
#Partially deleted in new
chr14	18967998	18972850	A0A0H2UH41	0	+	18967998	18972850	153,0,255	1	4852	0	.	ANK.
#Partially deleted in new
chr14	18976147	18977547	A6NI47	0	+	18976147	18977547	153,0,255	1	1400	0	.	ANK	5.
#Partially deleted in new
chr14	18976147	18977556	A0A087X187	0	+	18976147	18977556	153,0,255	1	1409	0	.	ANK.
#Partially deleted in new
chr14	19424220	19425613	Q6S5H5	0	-	19424220	19425613	153,0,255	1	1393	0	.	ANK	5.
#Partially deleted in new
chr14	19428907	19433776	Q6S5H5	0	-	19428907	19433776	153,0,255	1	4869	0	.	ANK	1.
#Split in new
chr15	21431894	21434801	A0A0G2JRD4	0	-	21431894	21434801	153,0,255	1	2907	0	.	ANK.
#Partially deleted in new
chr17	41945154	41949186	Q96NG3	0	+	41945154	41949186	153,0,255	1	4032	0	.	TPR	6.
#Deleted in new
chr17	41949195	41949297	Q96NG3	0	+	41949195	41949297	153,0,255	1	102	0	.	TPR	7.
#Partially deleted in new
chr17	41949315	41955284	Q96NG3	0	+	41949315	41955284	153,0,255	1	5969	0	.	TPR	8.
#Partially deleted in new
chr19	18786600	18787548	G3XAP6	0	-	18786600	18787548	153,0,255	1	948	0	.	TSP	type-3.
#Partially deleted in new
chr19	18786600	18787548	P49747	0	-	18786600	18787548	153,0,255	1	948	0	.	TSP	type-3	4.
#Partially deleted in new
chr19	40534211	40549368	Q9H254	0	+	40534211	40549368	153,0,255	1	15157	0	.	Spectrin	12.
#Partially deleted in new
chr19	54605442	54607118	Q8WX94	0	-	54605442	54607118	153,0,255	1	1676	0	.	LRR	3.
#Partially deleted in new
chr19	54661490	54665149	Q9NX02	0	+	54661490	54665149	153,0,255	1	3659	0	.	LRR	4.
#Partially deleted in new
chr19	54661605	54668306	Q8WX94	0	-	54661605	54668306	153,0,255	1	6701	0	.	LRR	9.
#Partially deleted in new
chr19	54665257	54668200	Q9NX02	0	+	54665257	54668200	153,0,255	1	2943	0	.	LRR	6.
#Partially deleted in new
chr19	54672401	54674077	Q8WX94	0	-	54672401	54674077	153,0,255	1	1676	0	.	LRR	3.
#Partially deleted in new
chr19	54727969	54728341	Q9NX02	0	+	54727969	54728341	153,0,255	1	372	0	.	LRR	2.
#Partially deleted in new
chr19	54728449	54732108	Q9NX02	0	+	54728449	54732108	153,0,255	1	3659	0	.	LRR	4.
#Partially deleted in new
chr19	54732216	54735159	Q9NX02	0	+	54732216	54735159	153,0,255	1	2943	0	.	LRR	6.
#Partially deleted in new
chr19	54735258	54738602	Q9NX02	0	+	54735258	54738602	153,0,255	1	3344	0	.	LRR	8.
#Partially deleted in new
chr19	54859648	54862622	Q8WX94	0	-	54859648	54862622	153,0,255	1	2974	0	.	LRR	7.
#Partially deleted in new
chr2	28614090	28642890	Q6P1J6	0	+	28614090	28642890	153,0,255	1	28800	0	.	4.
#Partially deleted in new
chr2	54959184	54960280	Q6ZMW3	0	+	54959184	54960280	153,0,255	1	1096	0	.	WD	25.
#Partially deleted in new
chr22	15690701	15695452	Q6S545	0	+	15690701	15695452	153,0,255	1	4751	0	.	ANK	2.
#Partially deleted in new
chr22	15690701	15695461	A0A087WTB9	0	+	15690701	15695461	153,0,255	1	4760	0	.	ANK.
#Partially deleted in new
chr22	15690701	15695461	H0YG78	0	+	15690701	15695461	153,0,255	1	4760	0	.	ANK.
#Partially deleted in new
chr22	15698760	15700159	Q6S545	0	+	15698760	15700159	153,0,255	1	1399	0	.	ANK	6.
#Partially deleted in new
chr22	15698760	15700168	A0A087WTB9	0	+	15698760	15700168	153,0,255	1	1408	0	.	ANK.
#Partially deleted in new
chr22	15700168	15702731	Q6S545	0	+	15700168	15702731	153,0,255	1	2563	0	.	ANK	7.
#Partially deleted in new
chr22	17583422	17587979	A0A024R0W0	0	+	17583422	17587979	153,0,255	1	4557	0	.	Solcar.
#Partially deleted in new
chr22	17583422	17587979	Q9H1K4	0	+	17583422	17587979	153,0,255	1	4557	0	.	Solcar	2.
#Partially deleted in new
chr22	19183518	19191360	A0A087WXH4	0	-	19183518	19191360	153,0,255	1	7842	0	.	CHCR.
#Partially deleted in new
chr22	19183518	19191360	P53675	0	-	19183518	19191360	153,0,255	1	7842	0	.	CHCR	7.
#Partially deleted in new
chr22	19184506	19187728	H0YGJ9	0	-	19184506	19187728	153,0,255	1	3222	0	.	CHCR.
#Partially deleted in new
chr22	19191366	19199787	A0A087WV74	0	-	19191366	19199787	153,0,255	1	8421	0	.	CHCR.
#Partially deleted in new
chr22	19191366	19199787	A0A087WXH4	0	-	19191366	19199787	153,0,255	1	8421	0	.	CHCR.
#Partially deleted in new
chr22	19191366	19199787	P53675	0	-	19191366	19199787	153,0,255	1	8421	0	.	CHCR	6.
#Partially deleted in new
chr22	19199764	19208982	A0A087WX41	0	-	19199764	19208982	153,0,255	1	9218	0	.	CHCR.
#Partially deleted in new
chr22	19199799	19207586	A0A087WV74	0	-	19199799	19207586	153,0,255	1	7787	0	.	CHCR.
#Partially deleted in new
chr22	19199799	19207586	A0A087WXH4	0	-	19199799	19207586	153,0,255	1	7787	0	.	CHCR.
#Partially deleted in new
chr22	19199799	19208982	P53675	0	-	19199799	19208982	153,0,255	1	9183	0	.	CHCR	5.
#Partially deleted in new
chr22	19208991	19216241	A0A087WX41	0	-	19208991	19216241	153,0,255	1	7250	0	.	CHCR.
#Partially deleted in new
chr22	19208991	19216241	P53675	0	-	19208991	19216241	153,0,255	1	7250	0	.	CHCR	4.
#Partially deleted in new
chr22	22548315	22548378	P78395	0	-	22548315	22548378	153,0,255	1	63	0	.	LRR	4.
#Partially deleted in new
chr22	23064017	23134032	Q9UHP6	0	-	23064017	23134032	153,0,255	1	70015	0	.	ARM	4.
#Partially deleted in new
chr3	66221103	66243243	F8WAB8	0	+	66221103	66243243	153,0,255	1	22140	0	.	Solcar.
#Partially deleted in new
chr4	75724876	75752566	O60763	0	+	75724876	75752566	153,0,255	1	27690	0	.	ARM	1.
#Partially deleted in new
chr4	75752566	75770506	O60763	0	+	75752566	75770506	153,0,255	1	17940	0	.	ARM	2.
#Partially deleted in new
chr5	52897456	52898325	P56199	0	+	52897456	52898325	153,0,255	1	869	0	.	FG-GAP	3.
#Partially deleted in new
chr5	111111251	111119031	Q8NI36	0	+	111111251	111119031	153,0,255	1	7780	0	.	WD	13.
#Partially deleted in new
chr5	168883284	169193492	O75094	0	-	168883284	169193492	153,0,255	1	310208	0	.	LRR	4.
#Partially deleted in new
chr7	12570864	12578092	Q9Y6U3	0	+	12570864	12578092	153,0,255	1	7228	0	.	Gelsolin-like	1.
#Partially deleted in new
chr7	73331698	73340661	O75344	0	+	73331698	73340661	153,0,255	1	8963	0	.	TPR	1.
#Partially deleted in new
chr7	73340805	73341347	O75344	0	+	73340805	73341347	153,0,255	1	542	0	.	TPR	3.
#Partially deleted in new
chr7	74557655	74589855	E9PFE2	0	+	74557655	74589855	153,0,255	1	32200	0	.	GTF2I-like.
#Partially deleted in new
chr7	74557655	74589855	Q9UHL9	0	+	74557655	74589855	153,0,255	1	32200	0	.	GTF2I-like	4.
#Partially deleted in new
chr7	74557657	74589857	H7C4Q8	0	+	74557657	74589857	153,0,255	1	32200	0	.	GTF2I-like.
#Partially deleted in new
chr7	74589861	74595038	E9PFE2	0	+	74589861	74595038	153,0,255	1	5177	0	.	GTF2I-like.
#Partially deleted in new
chr7	74589861	74595038	Q9UHL9	0	+	74589861	74595038	153,0,255	1	5177	0	.	GTF2I-like	5.
#Partially deleted in new
chr7	74589863	74595040	H7C4Q8	0	+	74589863	74595040	153,0,255	1	5177	0	.	GTF2I-like.
#Partially deleted in new
chr7	74699028	74705168	P78347	0	+	74699028	74705168	153,0,255	1	6140	0	.	GTF2I-like	1.
#Partially deleted in new
chr7	74699028	74705168	X5D2J9	0	+	74699028	74705168	153,0,255	1	6140	0	.	GTF2I-like.
#Partially deleted in new
chr7	74699028	74705168	X5D939	0	+	74699028	74705168	153,0,255	1	6140	0	.	GTF2I-like.
#Partially deleted in new
chr7	74699028	74705168	X5DNP5	0	+	74699028	74705168	153,0,255	1	6140	0	.	GTF2I-like.
#Partially deleted in new
chr7	74699028	74705168	X5DR09	0	+	74699028	74705168	153,0,255	1	6140	0	.	GTF2I-like.
#Partially deleted in new
chr7	74730227	74733956	P78347	0	+	74730227	74733956	153,0,255	1	3729	0	.	GTF2I-like	2.
#Partially deleted in new
chr7	74730227	74733956	X5D2J9	0	+	74730227	74733956	153,0,255	1	3729	0	.	GTF2I-like.
#Partially deleted in new
chr7	74730227	74733956	X5D939	0	+	74730227	74733956	153,0,255	1	3729	0	.	GTF2I-like.
#Partially deleted in new
chr7	74730227	74733956	X5DNP5	0	+	74730227	74733956	153,0,255	1	3729	0	.	GTF2I-like.
#Partially deleted in new
chr7	74730227	74733956	X5DR09	0	+	74730227	74733956	153,0,255	1	3729	0	.	GTF2I-like.
#Partially deleted in new
chr7	74743453	74745916	P78347	0	+	74743453	74745916	153,0,255	1	2463	0	.	GTF2I-like	4.
#Partially deleted in new
chr7	74743453	74745916	X5D2J9	0	+	74743453	74745916	153,0,255	1	2463	0	.	GTF2I-like.
#Partially deleted in new
chr7	74743453	74745916	X5D939	0	+	74743453	74745916	153,0,255	1	2463	0	.	GTF2I-like.
#Partially deleted in new
chr7	74743453	74745916	X5DNP5	0	+	74743453	74745916	153,0,255	1	2463	0	.	GTF2I-like.
#Partially deleted in new
chr7	74743453	74745916	X5DR09	0	+	74743453	74745916	153,0,255	1	2463	0	.	GTF2I-like.
#Partially deleted in new
chr7	74749023	74751394	P78347	0	+	74749023	74751394	153,0,255	1	2371	0	.	GTF2I-like	5.
#Partially deleted in new
chr7	74749023	74751394	X5D2J9	0	+	74749023	74751394	153,0,255	1	2371	0	.	GTF2I-like.
#Partially deleted in new
chr7	74749023	74751394	X5D939	0	+	74749023	74751394	153,0,255	1	2371	0	.	GTF2I-like.
#Partially deleted in new
chr7	74749023	74751394	X5DNP5	0	+	74749023	74751394	153,0,255	1	2371	0	.	GTF2I-like.
#Partially deleted in new
chr7	74749023	74751394	X5DR09	0	+	74749023	74751394	153,0,255	1	2371	0	.	GTF2I-like.
#Partially deleted in new
chr7	74820018	74824999	A0A0A0MSY2	0	-	74820018	74824999	153,0,255	1	4981	0	.	GTF2I-like.
#Partially deleted in new
chr7	74820018	74824999	A0A0D9SF80	0	-	74820018	74824999	153,0,255	1	4981	0	.	GTF2I-like.
#Partially deleted in new
chr7	75141119	75146448	A0A087WW90	0	+	75141119	75146448	153,0,255	1	5329	0	.	GTF2I-like.
#Partially deleted in new
chr7	75141119	75146448	A0A0D9SF80	0	+	75141119	75146448	153,0,255	1	5329	0	.	GTF2I-like.
#Partially deleted in new
chr7	75141119	75147698	Q6EKJ0	0	+	75141119	75147698	153,0,255	1	6579	0	.	GTF2I-like	2.
#Deleted in new
chr7	100957455	100957509	Q02505	0	+	100957455	100957509	153,0,255	1	54	0	.	1.
#Partially deleted in new
chr7	100957509	100957560	Q02505	0	+	100957509	100957560	153,0,255	1	51	0	.	2.
#Partially deleted in new
chr7	100957611	100957662	Q02505	0	+	100957611	100957662	153,0,255	1	51	0	.	4.
#Deleted in new
chr7	100957662	100957713	Q02505	0	+	100957662	100957713	153,0,255	1	51	0	.	5.
#Deleted in new
chr7	100957713	100957764	Q02505	0	+	100957713	100957764	153,0,255	1	51	0	.	6.
#Deleted in new
chr7	100957764	100957815	Q02505	0	+	100957764	100957815	153,0,255	1	51	0	.	7.
#Deleted in new
chr7	100957815	100957866	Q02505	0	+	100957815	100957866	153,0,255	1	51	0	.	8.
#Deleted in new
chr7	100957866	100957917	Q02505	0	+	100957866	100957917	153,0,255	1	51	0	.	9.
#Deleted in new
chr7	100957917	100957965	Q02505	0	+	100957917	100957965	153,0,255	1	48	0	.	10.
#Deleted in new
chr7	100957965	100958016	Q02505	0	+	100957965	100958016	153,0,255	1	51	0	.	11.
#Deleted in new
chr7	100958016	100958067	Q02505	0	+	100958016	100958067	153,0,255	1	51	0	.	12.
#Deleted in new
chr7	100958067	100958118	Q02505	0	+	100958067	100958118	153,0,255	1	51	0	.	13.
#Deleted in new
chr7	100958118	100958169	Q02505	0	+	100958118	100958169	153,0,255	1	51	0	.	14.
#Deleted in new
chr7	100958169	100958220	Q02505	0	+	100958169	100958220	153,0,255	1	51	0	.	15.
#Partially deleted in new
chr7	100958220	100958271	Q02505	0	+	100958220	100958271	153,0,255	1	51	0	.	16.
#Partially deleted in new
chr7	100958271	100958352	Q02505	0	+	100958271	100958352	153,0,255	1	81	0	.	17.
#Deleted in new
chr7	100958352	100958403	Q02505	0	+	100958352	100958403	153,0,255	1	51	0	.	18.
#Deleted in new
chr7	100958403	100958454	Q02505	0	+	100958403	100958454	153,0,255	1	51	0	.	19.
#Deleted in new
chr7	100958454	100958505	Q02505	0	+	100958454	100958505	153,0,255	1	51	0	.	20.
#Deleted in new
chr7	100958505	100958556	Q02505	0	+	100958505	100958556	153,0,255	1	51	0	.	21.
#Deleted in new
chr7	100958556	100958607	Q02505	0	+	100958556	100958607	153,0,255	1	51	0	.	22.
#Deleted in new
chr7	100958607	100958658	Q02505	0	+	100958607	100958658	153,0,255	1	51	0	.	23.
#Partially deleted in new
chr7	100958658	100958709	Q02505	0	+	100958658	100958709	153,0,255	1	51	0	.	24.
#Partially deleted in new
chr7	100958709	100958760	Q02505	0	+	100958709	100958760	153,0,255	1	51	0	.	25.
#Deleted in new
chr7	130552386	130554550	Q9UBF2	0	-	130552386	130554550	153,0,255	1	2164	0	.	HEAT	6.
#Deleted in new
chr7	130554658	130555078	Q9UBF2	0	-	130554658	130555078	153,0,255	1	420	0	.	HEAT	5.
#Deleted in new
chr7	130555084	130561095	Q9UBF2	0	-	130555084	130561095	153,0,255	1	6011	0	.	HEAT	4.
#Deleted in new
chr7	130561095	130561200	Q9UBF2	0	-	130561095	130561200	153,0,255	1	105	0	.	HEAT	3.
#Deleted in new
chr7	130561200	130564284	Q9UBF2	0	-	130561200	130564284	153,0,255	1	3084	0	.	HEAT	2.
#Partially deleted in new
chr7	134158141	134163441	Q96M69	0	+	134158141	134163441	153,0,255	1	5300	0	.	LRR	7.
#Partially deleted in new
chr9	66149257	66152659	Q5VUR7	0	-	66149257	66152659	153,0,255	1	3402	0	.	ANK	1.
#Split in new
chr9	67859621	67863022	Q5TYW2	0	+	67859621	67863022	153,0,255	1	3401	0	.	ANK	1.
#Split in new
chr9	67859621	67863031	A0A087WXR0	0	+	67859621	67863031	153,0,255	1	3410	0	.	ANK.
#Split in new
chr9	67863031	67863283	Q5TYW2	0	+	67863031	67863283	153,0,255	1	252	0	.	ANK	2.
#Split in new
chr9	67863031	67863292	A0A087WXR0	0	+	67863031	67863292	153,0,255	1	261	0	.	ANK.
#Split in new
chr9	67863292	67863382	Q5TYW2	0	+	67863292	67863382	153,0,255	1	90	0	.	ANK	3.
#Split in new
chr9	67863292	67863391	A0A087WXR0	0	+	67863292	67863391	153,0,255	1	99	0	.	ANK.
#Split in new
chr9	67867276	67867366	Q5TYW2	0	+	67867276	67867366	153,0,255	1	90	0	.	ANK	4.
#Split in new
chr9	67867375	67868510	Q5TYW2	0	+	67867375	67868510	153,0,255	1	1135	0	.	ANK	5.
#Partially deleted in new
chrX	49215392	49219638	O60840	0	-	49215392	49219638	153,0,255	1	4246	0	.	III.
#Partially deleted in new
chrX	49222559	49226050	O60840	0	-	49222559	49226050	153,0,255	1	3491	0	.	II.
#Partially deleted in new
chrX	102319275	102321037	Q9GZY0	0	+	102319275	102321037	153,0,255	1	1762	0	.	LRR	3.
